#
# A fatal error has been detected by the Java Runtime Environment:
#
#  EXCEPTION_ACCESS_VIOLATION (0xc0000005) at pc=0x000000005a654bc2, pid=2960, tid=2364
#
# JRE version: Java(TM) SE Runtime Environment (8.0_05-b13) (build 1.8.0_05-b13)
# Java VM: Java HotSpot(TM) 64-Bit Server VM (25.5-b02 mixed mode windows-amd64 compressed oops)
# Problematic frame:
# V  [jvm.dll+0x424bc2]
#
# Failed to write core dump. Minidumps are not enabled by default on client versions of Windows
#
# If you would like to submit a bug report, please visit:
#   http://bugreport.sun.com/bugreport/crash.jsp
#

---------------  T H R E A D  ---------------

Current thread (0x0000000013fcf800):  JavaThread "C2 CompilerThread0" daemon [_thread_in_native, id=2364, stack(0x00000000158d0000,0x00000000159d0000)]

siginfo: ExceptionCode=0xc0000005, reading address 0x0000000000000000

Registers:
RAX=0x000000001c979f08, RBX=0x0000000000000600, RCX=0x0000000000000000, RDX=0x000000001cf6dce0
RSP=0x00000000159cc270, RBP=0x00000000000000c0, RSI=0x00000000000000b8, RDI=0x0000000000000000
R8 =0x000000005a230000, R9 =0x00000000159cc590, R10=0x00000000ffffffff, R11=0x0000000013fd0600
R12=0x000000001c97a610, R13=0x00000000183bf908, R14=0x0000000000000008, R15=0x00000000183bf908
RIP=0x000000005a654bc2, EFLAGS=0x0000000000010206

Top of Stack: (sp=0x00000000159cc270)
0x00000000159cc270:   00000000000000da 000000001cf69b50
0x00000000159cc280:   0000000000000000 0000000019d3fec0
0x00000000159cc290:   0000000000000001 0000000000000600
0x00000000159cc2a0:   0000000000000180 00000000000000c0
0x00000000159cc2b0:   000000001a3768c0 0000000013fc5390
0x00000000159cc2c0:   00000000000006d0 000000001cf69b50
0x00000000159cc2d0:   00000000159cc590 000000001c9770b0
0x00000000159cc2e0:   0000000000000020 0000000000000009
0x00000000159cc2f0:   000000001c97a5e0 00000000000000da
0x00000000159cc300:   00000000183bf908 000000005a65579d
0x00000000159cc310:   000000001c97a5e0 000000000000001c
0x00000000159cc320:   00000000000000da 00000000159cc590
0x00000000159cc330:   000000001cf6dce0 00000000000000da
0x00000000159cc340:   000000001c9770b0 0000000000000020
0x00000000159cc350:   000000001a2f45d0 00000000159ce900
0x00000000159cc360:   000000001a2f4c00 000000001c97a5e0 

Instructions: (pc=0x000000005a654bc2)
0x000000005a654ba2:   c6 48 63 f0 48 03 f1 eb 04 48 83 ce ff 48 8b 84
0x000000005a654bb2:   24 a0 00 00 00 48 8b 40 08 48 8b 3c 03 48 8b cf
0x000000005a654bc2:   48 8b 07 ff 50 28 4c 8d 05 31 b4 bd ff 48 63 50
0x000000005a654bd2:   10 4c 8b d8 48 8b ca 48 c1 e1 05 42 80 bc 01 c0 


Register to memory mapping:

RAX=0x000000001c979f08 is an unknown value
RBX=0x0000000000000600 is an unknown value
RCX=0x0000000000000000 is an unknown value
RDX=0x000000001cf6dce0 is an unknown value
RSP=0x00000000159cc270 is pointing into the stack for thread: 0x0000000013fcf800
RBP=0x00000000000000c0 is an unknown value
RSI=0x00000000000000b8 is an unknown value
RDI=0x0000000000000000 is an unknown value
R8 =0x000000005a230000 is an unknown value
R9 =0x00000000159cc590 is pointing into the stack for thread: 0x0000000013fcf800
R10=0x00000000ffffffff is an unknown value
R11=0x0000000013fd0600 is an unknown value
R12=0x000000001c97a610 is an unknown value
R13=0x00000000183bf908 is an unknown value
R14=0x0000000000000008 is an unknown value
R15=0x00000000183bf908 is an unknown value


Stack: [0x00000000158d0000,0x00000000159d0000],  sp=0x00000000159cc270,  free space=1008k
Native frames: (J=compiled Java code, j=interpreted, Vv=VM code, C=native code)
V  [jvm.dll+0x424bc2]
V  [jvm.dll+0x42579d]
V  [jvm.dll+0x425cdf]
V  [jvm.dll+0x4c5874]
V  [jvm.dll+0x44123c]
V  [jvm.dll+0x4436a9]
V  [jvm.dll+0x427532]
V  [jvm.dll+0x96702]
V  [jvm.dll+0x96ef3]
V  [jvm.dll+0x2232c4]
V  [jvm.dll+0x27baca]
C  [msvcr100.dll+0x21d9f]
C  [msvcr100.dll+0x21e3b]
C  [KERNEL32.DLL+0x1611]
C  [ntdll.dll+0x764ad]


Current CompileTask:
C2:  25602 5626       4       groovy.lang.MetaClassImpl::findPropertyMethod (356 bytes)


---------------  P R O C E S S  ---------------

Java Threads: ( => current thread )
  0x0000000018853000 JavaThread "http-bio-8080-exec-3" daemon [_thread_in_native, id=2596, stack(0x00000000207c0000,0x00000000208c0000)]
  0x0000000018851800 JavaThread "DestroyJavaVM" [_thread_blocked, id=6428, stack(0x0000000001dc0000,0x0000000001ec0000)]
  0x000000001884d800 JavaThread "Thread-9" [_thread_in_native, id=2152, stack(0x00000000206c0000,0x00000000207c0000)]
  0x0000000018851000 JavaThread "http-bio-8080-exec-2" daemon [_thread_blocked, id=4128, stack(0x00000000205c0000,0x00000000206c0000)]
  0x0000000018850000 JavaThread "http-bio-8080-exec-1" daemon [_thread_in_native, id=4980, stack(0x00000000204c0000,0x00000000205c0000)]
  0x000000001884f000 JavaThread "http-bio-8080-AsyncTimeout" daemon [_thread_blocked, id=6440, stack(0x00000000203c0000,0x00000000204c0000)]
  0x000000001884e800 JavaThread "http-bio-8080-Acceptor-0" daemon [_thread_in_native, id=1856, stack(0x00000000202c0000,0x00000000203c0000)]
  0x000000001884a800 JavaThread "ContainerBackgroundProcessor[StandardEngine[Tomcat]]" daemon [_thread_blocked, id=1868, stack(0x000000001da30000,0x000000001db30000)]
  0x000000001884c000 JavaThread "org.hibernate.cache.internal.StandardQueryCache.data" daemon [_thread_blocked, id=5200, stack(0x000000001d930000,0x000000001da30000)]
  0x000000001884a000 JavaThread "org.hibernate.cache.spi.UpdateTimestampsCache.data" daemon [_thread_blocked, id=6304, stack(0x000000001c480000,0x000000001c580000)]
  0x0000000018849000 JavaThread "net.sf.ehcache.CacheManager@a18c2b9" daemon [_thread_blocked, id=3720, stack(0x000000001d830000,0x000000001d930000)]
  0x0000000017561800 JavaThread "Abandoned connection cleanup thread" daemon [_thread_blocked, id=5724, stack(0x000000001c180000,0x000000001c280000)]
  0x0000000017561000 JavaThread "PoolCleaner[1344320270:1403380286502]" daemon [_thread_blocked, id=6416, stack(0x000000001c080000,0x000000001c180000)]
  0x0000000017218800 JavaThread "FileSystemWatcher: files=#124 cl=groovy.lang.GroovyClassLoader@5020b30e" daemon [_thread_blocked, id=1368, stack(0x000000001b0a0000,0x000000001b1a0000)]
  0x0000000019084800 JavaThread "Thread-4" daemon [_thread_in_native, id=4044, stack(0x000000001ad30000,0x000000001ae30000)]
  0x00000000187bd800 JavaThread "localhost-startStop-1" daemon [_thread_blocked, id=3340, stack(0x0000000019480000,0x0000000019580000)]
  0x00000000187bd000 JavaThread "Tomcat-startStop-1" daemon [_thread_blocked, id=4892, stack(0x0000000019380000,0x0000000019480000)]
  0x0000000017434000 JavaThread "Thread-3" [_thread_in_native, id=80, stack(0x000000001aa30000,0x000000001ab30000)]
  0x000000001760c000 JavaThread "Thread-2" [_thread_blocked, id=6064, stack(0x0000000017c80000,0x0000000017d80000)]
  0x00000000160d8000 JavaThread "NonBlockingInputStreamThread" daemon [_thread_blocked, id=5348, stack(0x0000000016bb0000,0x0000000016cb0000)]
  0x000000001569a800 JavaThread "Service Thread" daemon [_thread_blocked, id=5276, stack(0x0000000015bd0000,0x0000000015cd0000)]
  0x0000000013fc8800 JavaThread "C1 CompilerThread2" daemon [_thread_blocked, id=6556, stack(0x0000000015ad0000,0x0000000015bd0000)]
  0x0000000013fc7800 JavaThread "C2 CompilerThread1" daemon [_thread_in_native, id=5004, stack(0x00000000159d0000,0x0000000015ad0000)]
=>0x0000000013fcf800 JavaThread "C2 CompilerThread0" daemon [_thread_in_native, id=2364, stack(0x00000000158d0000,0x00000000159d0000)]
  0x0000000013f81000 JavaThread "Attach Listener" daemon [_thread_blocked, id=4772, stack(0x00000000153d0000,0x00000000154d0000)]
  0x0000000013f7f800 JavaThread "Signal Dispatcher" daemon [_thread_blocked, id=6376, stack(0x00000000152d0000,0x00000000153d0000)]
  0x0000000002208800 JavaThread "Finalizer" daemon [_thread_blocked, id=2428, stack(0x00000000151d0000,0x00000000152d0000)]
  0x00000000021fc800 JavaThread "Reference Handler" daemon [_thread_blocked, id=5596, stack(0x00000000150d0000,0x00000000151d0000)]

Other Threads:
  0x0000000013f46800 VMThread [stack: 0x0000000014fd0000,0x00000000150d0000] [id=5484]
  0x000000001569b800 WatcherThread [stack: 0x0000000015cd0000,0x0000000015dd0000] [id=2544]

VM state:not at safepoint (normal execution)

VM Mutex/Monitor currently owned by a thread: None

Heap:
 PSYoungGen      total 193024K, used 81469K [0x00000000f0000000, 0x0000000100000000, 0x0000000100000000)
  eden space 133120K, 27% used [0x00000000f0000000,0x00000000f23a8790,0x00000000f8200000)
  from space 59904K, 75% used [0x00000000fc580000,0x00000000ff166ed0,0x0000000100000000)
  to   space 64512K, 0% used [0x00000000f8200000,0x00000000f8200000,0x00000000fc100000)
 ParOldGen       total 78848K, used 65296K [0x00000000d0000000, 0x00000000d4d00000, 0x00000000f0000000)
  object space 78848K, 82% used [0x00000000d0000000,0x00000000d3fc4398,0x00000000d4d00000)
 Metaspace       used 64143K, capacity 65740K, committed 65992K, reserved 1107968K
  class space    used 7321K, capacity 7823K, committed 7936K, reserved 1048576K

Card table byte_map: [0x00000000115d0000,0x0000000011760000] byte_map_base: 0x0000000010f50000

Marking Bits: (ParMarkBitMap*) 0x000000005a9e13b0
 Begin Bits: [0x0000000011c60000, 0x0000000012860000)
 End Bits:   [0x0000000012860000, 0x0000000013460000)

Polling page: 0x00000000004d0000

CodeCache: size=245760Kb used=17396Kb max_used=17774Kb free=228363Kb
 bounds [0x0000000002210000, 0x0000000003380000, 0x0000000011210000]
 total_blobs=5970 nmethods=5190 adapters=689
 compilation: enabled

Compilation events (10 events):
Event: 25.496 Thread 0x0000000013fc8800 5972       2       org.codehaus.groovy.runtime.DefaultGroovyMethods::leftShift (10 bytes)
Event: 25.496 Thread 0x0000000013fc8800 nmethod 5972 0x0000000003018fd0 code [0x0000000003019140, 0x00000000030192a8]
Event: 25.502 Thread 0x0000000013fc8800 5973       2       org.codehaus.groovy.runtime.dgm$894::doMethodInvoke (17 bytes)
Event: 25.502 Thread 0x0000000013fc8800 nmethod 5973 0x0000000003018b50 code [0x0000000003018cc0, 0x0000000003018ed8]
Event: 25.507 Thread 0x0000000013fc8800 5974       2       org.codehaus.groovy.grails.io.support.PathMatchingResourcePatternResolver::doRetrieveMatchingFiles (287 bytes)
Event: 25.509 Thread 0x0000000013fc8800 nmethod 5974 0x000000000320c7d0 code [0x000000000320cba0, 0x000000000320db38]
Event: 25.549 Thread 0x0000000013fcf800 nmethod 5597 0x000000000296b2d0 code [0x000000000296b700, 0x000000000296eff0]
Event: 25.551 Thread 0x0000000013fcf800 5708 %     4       org.apache.log4j.Category::getEffectiveLevel @ 2 (28 bytes)
Event: 25.553 Thread 0x0000000013fcf800 nmethod 5708% 0x0000000002cc4450 code [0x0000000002cc4580, 0x0000000002cc4658]
Event: 25.553 Thread 0x0000000013fcf800 5626       4       groovy.lang.MetaClassImpl::findPropertyMethod (356 bytes)

GC Heap History (10 events):
Event: 22.156 GC heap before
{Heap before GC invocations=61 (full 5):
 PSYoungGen      total 225280K, used 224828K [0x00000000f0000000, 0x0000000100000000, 0x0000000100000000)
  eden space 197632K, 100% used [0x00000000f0000000,0x00000000fc100000,0x00000000fc100000)
  from space 27648K, 98% used [0x00000000fc100000,0x00000000fdb8f3c0,0x00000000fdc00000)
  to   space 36352K, 0% used [0x00000000fdc80000,0x00000000fdc80000,0x0000000100000000)
 ParOldGen       total 78848K, used 63892K [0x00000000d0000000, 0x00000000d4d00000, 0x00000000f0000000)
  object space 78848K, 81% used [0x00000000d0000000,0x00000000d3e65388,0x00000000d4d00000)
 Metaspace       used 58577K, capacity 60010K, committed 60232K, reserved 1101824K
  class space    used 6583K, capacity 7003K, committed 7040K, reserved 1048576K
Event: 22.214 GC heap after
Heap after GC invocations=61 (full 5):
 PSYoungGen      total 214528K, used 34194K [0x00000000f0000000, 0x0000000100000000, 0x0000000100000000)
  eden space 178176K, 0% used [0x00000000f0000000,0x00000000f0000000,0x00000000fae00000)
  from space 36352K, 94% used [0x00000000fdc80000,0x00000000ffde4938,0x0000000100000000)
  to   space 41984K, 0% used [0x00000000fae00000,0x00000000fae00000,0x00000000fd700000)
 ParOldGen       total 78848K, used 63900K [0x00000000d0000000, 0x00000000d4d00000, 0x00000000f0000000)
  object space 78848K, 81% used [0x00000000d0000000,0x00000000d3e67388,0x00000000d4d00000)
 Metaspace       used 58577K, capacity 60010K, committed 60232K, reserved 1101824K
  class space    used 6583K, capacity 7003K, committed 7040K, reserved 1048576K
}
Event: 23.209 GC heap before
{Heap before GC invocations=62 (full 5):
 PSYoungGen      total 214528K, used 206824K [0x00000000f0000000, 0x0000000100000000, 0x0000000100000000)
  eden space 178176K, 96% used [0x00000000f0000000,0x00000000fa895980,0x00000000fae00000)
  from space 36352K, 94% used [0x00000000fdc80000,0x00000000ffde4938,0x0000000100000000)
  to   space 41984K, 0% used [0x00000000fae00000,0x00000000fae00000,0x00000000fd700000)
 ParOldGen       total 78848K, used 63900K [0x00000000d0000000, 0x00000000d4d00000, 0x00000000f0000000)
  object space 78848K, 81% used [0x00000000d0000000,0x00000000d3e67388,0x00000000d4d00000)
 Metaspace       used 59744K, capacity 61220K, committed 61512K, reserved 1103872K
  class space    used 6739K, capacity 7196K, committed 7296K, reserved 1048576K
Event: 23.280 GC heap after
Heap after GC invocations=62 (full 5):
 PSYoungGen      total 219136K, used 40529K [0x00000000f0000000, 0x0000000100000000, 0x0000000100000000)
  eden space 178176K, 0% used [0x00000000f0000000,0x00000000f0000000,0x00000000fae00000)
  from space 40960K, 98% used [0x00000000fae00000,0x00000000fd5947d0,0x00000000fd600000)
  to   space 43008K, 0% used [0x00000000fd600000,0x00000000fd600000,0x0000000100000000)
 ParOldGen       total 78848K, used 63908K [0x00000000d0000000, 0x00000000d4d00000, 0x00000000f0000000)
  object space 78848K, 81% used [0x00000000d0000000,0x00000000d3e69388,0x00000000d4d00000)
 Metaspace       used 59744K, capacity 61220K, committed 61512K, reserved 1103872K
  class space    used 6739K, capacity 7196K, committed 7296K, reserved 1048576K
}
Event: 23.729 GC heap before
{Heap before GC invocations=63 (full 5):
 PSYoungGen      total 219136K, used 215219K [0x00000000f0000000, 0x0000000100000000, 0x0000000100000000)
  eden space 178176K, 98% used [0x00000000f0000000,0x00000000faa98788,0x00000000fae00000)
  from space 40960K, 98% used [0x00000000fae00000,0x00000000fd5947d0,0x00000000fd600000)
  to   space 43008K, 0% used [0x00000000fd600000,0x00000000fd600000,0x0000000100000000)
 ParOldGen       total 78848K, used 63908K [0x00000000d0000000, 0x00000000d4d00000, 0x00000000f0000000)
  object space 78848K, 81% used [0x00000000d0000000,0x00000000d3e69388,0x00000000d4d00000)
 Metaspace       used 60704K, capacity 62242K, committed 62408K, reserved 1103872K
  class space    used 6909K, capacity 7364K, committed 7424K, reserved 1048576K
Event: 23.802 GC heap after
Heap after GC invocations=63 (full 5):
 PSYoungGen      total 196608K, used 42124K [0x00000000f0000000, 0x0000000100000000, 0x0000000100000000)
  eden space 153600K, 0% used [0x00000000f0000000,0x00000000f0000000,0x00000000f9600000)
  from space 43008K, 97% used [0x00000000fd600000,0x00000000fff23110,0x0000000100000000)
  to   space 54272K, 0% used [0x00000000f9600000,0x00000000f9600000,0x00000000fcb00000)
 ParOldGen       total 78848K, used 63916K [0x00000000d0000000, 0x00000000d4d00000, 0x00000000f0000000)
  object space 78848K, 81% used [0x00000000d0000000,0x00000000d3e6b388,0x00000000d4d00000)
 Metaspace       used 60704K, capacity 62242K, committed 62408K, reserved 1103872K
  class space    used 6909K, capacity 7364K, committed 7424K, reserved 1048576K
}
Event: 24.451 GC heap before
{Heap before GC invocations=64 (full 5):
 PSYoungGen      total 196608K, used 195724K [0x00000000f0000000, 0x0000000100000000, 0x0000000100000000)
  eden space 153600K, 100% used [0x00000000f0000000,0x00000000f9600000,0x00000000f9600000)
  from space 43008K, 97% used [0x00000000fd600000,0x00000000fff23110,0x0000000100000000)
  to   space 54272K, 0% used [0x00000000f9600000,0x00000000f9600000,0x00000000fcb00000)
 ParOldGen       total 78848K, used 63916K [0x00000000d0000000, 0x00000000d4d00000, 0x00000000f0000000)
  object space 78848K, 81% used [0x00000000d0000000,0x00000000d3e6b388,0x00000000d4d00000)
 Metaspace       used 62068K, capacity 63630K, committed 63944K, reserved 1105920K
  class space    used 7105K, capacity 7616K, committed 7680K, reserved 1048576K
Event: 24.521 GC heap after
Heap after GC invocations=64 (full 5):
 PSYoungGen      total 197632K, used 43694K [0x00000000f0000000, 0x0000000100000000, 0x0000000100000000)
  eden space 153600K, 0% used [0x00000000f0000000,0x00000000f0000000,0x00000000f9600000)
  from space 44032K, 99% used [0x00000000f9600000,0x00000000fc0abbb0,0x00000000fc100000)
  to   space 59904K, 0% used [0x00000000fc580000,0x00000000fc580000,0x0000000100000000)
 ParOldGen       total 78848K, used 64060K [0x00000000d0000000, 0x00000000d4d00000, 0x00000000f0000000)
  object space 78848K, 81% used [0x00000000d0000000,0x00000000d3e8f388,0x00000000d4d00000)
 Metaspace       used 62068K, capacity 63630K, committed 63944K, reserved 1105920K
  class space    used 7105K, capacity 7616K, committed 7680K, reserved 1048576K
}
Event: 25.062 GC heap before
{Heap before GC invocations=65 (full 5):
 PSYoungGen      total 197632K, used 191563K [0x00000000f0000000, 0x0000000100000000, 0x0000000100000000)
  eden space 153600K, 96% used [0x00000000f0000000,0x00000000f90673b8,0x00000000f9600000)
  from space 44032K, 99% used [0x00000000f9600000,0x00000000fc0abbb0,0x00000000fc100000)
  to   space 59904K, 0% used [0x00000000fc580000,0x00000000fc580000,0x0000000100000000)
 ParOldGen       total 78848K, used 64060K [0x00000000d0000000, 0x00000000d4d00000, 0x00000000f0000000)
  object space 78848K, 81% used [0x00000000d0000000,0x00000000d3e8f388,0x00000000d4d00000)
 Metaspace       used 63504K, capacity 65072K, committed 65352K, reserved 1107968K
  class space    used 7247K, capacity 7716K, committed 7808K, reserved 1048576K
Event: 25.139 GC heap after
Heap after GC invocations=65 (full 5):
 PSYoungGen      total 193024K, used 44955K [0x00000000f0000000, 0x0000000100000000, 0x0000000100000000)
  eden space 133120K, 0% used [0x00000000f0000000,0x00000000f0000000,0x00000000f8200000)
  from space 59904K, 75% used [0x00000000fc580000,0x00000000ff166ed0,0x0000000100000000)
  to   space 64512K, 0% used [0x00000000f8200000,0x00000000f8200000,0x00000000fc100000)
 ParOldGen       total 78848K, used 65296K [0x00000000d0000000, 0x00000000d4d00000, 0x00000000f0000000)
  object space 78848K, 82% used [0x00000000d0000000,0x00000000d3fc4398,0x00000000d4d00000)
 Metaspace       used 63504K, capacity 65072K, committed 65352K, reserved 1107968K
  class space    used 7247K, capacity 7716K, committed 7808K, reserved 1048576K
}

Deoptimization events (10 events):
Event: 18.897 Thread 0x00000000187bd800 Uncommon trap: reason=array_check action=maybe_recompile pc=0x0000000002e72068 method=java.util.AbstractCollection.toArray([Ljava/lang/Object;)[Ljava/lang/Object; @ 119
Event: 18.901 Thread 0x00000000187bd800 Uncommon trap: reason=array_check action=maybe_recompile pc=0x0000000002e72068 method=java.util.AbstractCollection.toArray([Ljava/lang/Object;)[Ljava/lang/Object; @ 119
Event: 18.901 Thread 0x00000000187bd800 Uncommon trap: reason=array_check action=maybe_recompile pc=0x0000000002e72068 method=java.util.AbstractCollection.toArray([Ljava/lang/Object;)[Ljava/lang/Object; @ 119
Event: 20.455 Thread 0x00000000187bd800 Uncommon trap: reason=unloaded action=reinterpret pc=0x0000000002648dbc method=org.springframework.core.BridgeMethodResolver.findBridgedMethod(Ljava/lang/reflect/Method;)Ljava/lang/reflect/Method; @ 13
Event: 21.246 Thread 0x00000000187bd800 Uncommon trap: reason=class_check action=maybe_recompile pc=0x0000000002df2628 method=org.springsource.loaded.agent.SpringLoadedPreProcessor.preProcess(Ljava/lang/ClassLoader;Ljava/lang/String;Ljava/security/ProtectionDomain;[B)[B @ 77
Event: 21.248 Thread 0x00000000187bd800 Uncommon trap: reason=bimorphic action=maybe_recompile pc=0x0000000003180310 method=sl.org.objectweb.asm.ClassReader.a(Lsl/org/objectweb/asm/MethodVisitor;Lsl/org/objectweb/asm/Context;I)V @ 537
Event: 21.455 Thread 0x00000000187bd800 Uncommon trap: reason=bimorphic action=maybe_recompile pc=0x000000000317fd70 method=sl.org.objectweb.asm.MethodVisitor.visitTryCatchBlock(Lsl/org/objectweb/asm/Label;Lsl/org/objectweb/asm/Label;Lsl/org/objectweb/asm/Label;Ljava/lang/String;)V @ 16
Event: 21.456 Thread 0x00000000187bd800 Uncommon trap: reason=class_check action=maybe_recompile pc=0x0000000003181c4c method=sl.org.objectweb.asm.ClassReader.a(Lsl/org/objectweb/asm/MethodVisitor;Lsl/org/objectweb/asm/Context;I)V @ 1945
Event: 21.456 Thread 0x00000000187bd800 Uncommon trap: reason=class_check action=maybe_recompile pc=0x0000000003181c4c method=sl.org.objectweb.asm.ClassReader.a(Lsl/org/objectweb/asm/MethodVisitor;Lsl/org/objectweb/asm/Context;I)V @ 1945
Event: 22.107 Thread 0x00000000187bd800 Uncommon trap: reason=unreached action=reinterpret pc=0x00000000023e9ae8 method=org.codehaus.groovy.runtime.metaclass.MetaMethodIndex.isNonRealMethod(Lgroovy/lang/MetaMethod;)Z @ 32

Internal exceptions (10 events):
Event: 25.281 Thread 0x000000001884d800 Exception <a 'java/security/PrivilegedActionException'> (0x00000000f1a8cdf0) thrown at [D:\re\workspace\8-2-build-windows-amd64-cygwin\jdk8u5\2488\hotspot\src\share\vm\prims\jvm.cpp, line 1248]
Event: 25.281 Thread 0x000000001884d800 Exception <a 'java/security/PrivilegedActionException'> (0x00000000f1a91ef0) thrown at [D:\re\workspace\8-2-build-windows-amd64-cygwin\jdk8u5\2488\hotspot\src\share\vm\prims\jvm.cpp, line 1248]
Event: 25.281 Thread 0x000000001884d800 Exception <a 'java/security/PrivilegedActionException'> (0x00000000f1a92dc0) thrown at [D:\re\workspace\8-2-build-windows-amd64-cygwin\jdk8u5\2488\hotspot\src\share\vm\prims\jvm.cpp, line 1248]
Event: 25.281 Thread 0x000000001884d800 Exception <a 'java/security/PrivilegedActionException'> (0x00000000f1a97ec0) thrown at [D:\re\workspace\8-2-build-windows-amd64-cygwin\jdk8u5\2488\hotspot\src\share\vm\prims\jvm.cpp, line 1248]
Event: 25.281 Thread 0x000000001884d800 Exception <a 'java/lang/ClassNotFoundException': grails/util/PluginBuildSettings$_addPluginScopeInfoForDirAndInfo_closure2BeanInfo> (0x00000000f1a98468) thrown at [D:\re\workspace\8-2-build-windows-amd64-cygwin\jdk8u5\2488\hotspot\src\share\vm\classfile\sy©œ2M
Event: 25.281 Thread 0x000000001884d800 Exception <a 'java/security/PrivilegedActionException'> (0x00000000f1a997b0) thrown at [D:\re\workspace\8-2-build-windows-amd64-cygwin\jdk8u5\2488\hotspot\src\share\vm\prims\jvm.cpp, line 1248]
Event: 25.281 Thread 0x000000001884d800 Exception <a 'java/security/PrivilegedActionException'> (0x00000000f1a9eb40) thrown at [D:\re\workspace\8-2-build-windows-amd64-cygwin\jdk8u5\2488\hotspot\src\share\vm\prims\jvm.cpp, line 1248]
Event: 25.281 Thread 0x000000001884d800 Exception <a 'java/security/PrivilegedActionException'> (0x00000000f1a9fa18) thrown at [D:\re\workspace\8-2-build-windows-amd64-cygwin\jdk8u5\2488\hotspot\src\share\vm\prims\jvm.cpp, line 1248]
Event: 25.282 Thread 0x000000001884d800 Exception <a 'java/security/PrivilegedActionException'> (0x00000000f1aa4da8) thrown at [D:\re\workspace\8-2-build-windows-amd64-cygwin\jdk8u5\2488\hotspot\src\share\vm\prims\jvm.cpp, line 1248]
Event: 25.282 Thread 0x000000001884d800 Exception <a 'java/lang/ClassNotFoundException': grails/util/PluginBuildSettings$_addPluginScopeInfoForDirAndInfo_closure2Customizer> (0x00000000f1aa5350) thrown at [D:\re\workspace\8-2-build-windows-amd64-cygwin\jdk8u5\2488\hotspot\src\share\vm\classfile\¯G°ùÿG9@

Events (10 events):
Event: 25.281 loading class grails/util/PluginBuildSettings$_addPluginScopeInfoForDirAndInfo_closure2BeanInfo
Event: 25.281 loading class grails/util/PluginBuildSettings$_addPluginScopeInfoForDirAndInfo_closure2BeanInfo done
Event: 25.281 loading class grails/util/PluginBuildSettings$_addPluginScopeInfoForDirAndInfo_closure2BeanInfo
Event: 25.281 loading class grails/util/PluginBuildSettings$_addPluginScopeInfoForDirAndInfo_closure2BeanInfo done
Event: 25.281 loading class grails/util/PluginBuildSettings$_addPluginScopeInfoForDirAndInfo_closure2Customizer
Event: 25.281 loading class grails/util/PluginBuildSettings$_addPluginScopeInfoForDirAndInfo_closure2Customizer done
Event: 25.281 loading class grails/util/PluginBuildSettings$_addPluginScopeInfoForDirAndInfo_closure2Customizer
Event: 25.281 loading class grails/util/PluginBuildSettings$_addPluginScopeInfoForDirAndInfo_closure2Customizer done
Event: 25.282 loading class grails/util/PluginBuildSettings$_addPluginScopeInfoForDirAndInfo_closure2Customizer
Event: 25.282 loading class grails/util/PluginBuildSettings$_addPluginScopeInfoForDirAndInfo_closure2Customizer done


Dynamic libraries:
0x00007ff79ce30000 - 0x00007ff79ce64000 	C:\Program Files\Java\jdk1.8.0_05\bin\java.exe
0x00007ffd476c0000 - 0x00007ffd47869000 	C:\windows\SYSTEM32\ntdll.dll
0x00007ffd452b0000 - 0x00007ffd453ea000 	C:\windows\system32\KERNEL32.DLL
0x00007ffd44cf0000 - 0x00007ffd44dff000 	C:\windows\system32\KERNELBASE.dll
0x00007ffd45910000 - 0x00007ffd459b5000 	C:\windows\system32\ADVAPI32.dll
0x00007ffd455b0000 - 0x00007ffd45721000 	C:\windows\system32\USER32.dll
0x00007ffd42af0000 - 0x00007ffd42d4a000 	C:\windows\WinSxS\amd64_microsoft.windows.common-controls_6595b64144ccf1df_6.0.9600.16384_none_62475f7becb72503\COMCTL32.dll
0x00007ffd44f50000 - 0x00007ffd44ff7000 	C:\windows\system32\msvcrt.dll
0x00007ffd46140000 - 0x00007ffd46197000 	C:\windows\SYSTEM32\sechost.dll
0x00007ffd45ce0000 - 0x00007ffd45e16000 	C:\windows\system32\RPCRT4.dll
0x00007ffd45000000 - 0x00007ffd45145000 	C:\windows\system32\GDI32.dll
0x00007ffd45270000 - 0x00007ffd452a4000 	C:\windows\system32\IMM32.DLL
0x00007ffd459c0000 - 0x00007ffd45af9000 	C:\windows\system32\MSCTF.dll
0x000000005a150000 - 0x000000005a222000 	C:\Program Files\Java\jdk1.8.0_05\jre\bin\msvcr100.dll
0x000000005a230000 - 0x000000005aa5a000 	C:\Program Files\Java\jdk1.8.0_05\jre\bin\server\jvm.dll
0x00007ffd39d30000 - 0x00007ffd39d39000 	C:\windows\SYSTEM32\WSOCK32.dll
0x00007ffd41f90000 - 0x00007ffd41faf000 	C:\windows\SYSTEM32\WINMM.dll
0x00007ffd461b0000 - 0x00007ffd461b7000 	C:\windows\system32\PSAPI.DLL
0x00007ffd46220000 - 0x00007ffd46278000 	C:\windows\system32\WS2_32.dll
0x00007ffd41d90000 - 0x00007ffd41dba000 	C:\windows\SYSTEM32\WINMMBASE.dll
0x00007ffd47690000 - 0x00007ffd47699000 	C:\windows\system32\NSI.dll
0x00007ffd44e00000 - 0x00007ffd44e4a000 	C:\windows\SYSTEM32\cfgmgr32.dll
0x00007ffd437d0000 - 0x00007ffd437f6000 	C:\windows\SYSTEM32\DEVOBJ.dll
0x000000005a100000 - 0x000000005a10f000 	C:\Program Files\Java\jdk1.8.0_05\jre\bin\verify.dll
0x000000005a0d0000 - 0x000000005a0f8000 	C:\Program Files\Java\jdk1.8.0_05\jre\bin\java.dll
0x0000000059b80000 - 0x0000000059ba3000 	C:\Program Files\Java\jdk1.8.0_05\jre\bin\instrument.dll
0x000000005a0b0000 - 0x000000005a0c6000 	C:\Program Files\Java\jdk1.8.0_05\jre\bin\zip.dll
0x00007ffd46280000 - 0x00007ffd4768e000 	C:\windows\system32\SHELL32.dll
0x00007ffd45b00000 - 0x00007ffd45cd7000 	C:\windows\SYSTEM32\combase.dll
0x00007ffd461c0000 - 0x00007ffd46211000 	C:\windows\system32\SHLWAPI.dll
0x00007ffd42ff0000 - 0x00007ffd43091000 	C:\windows\SYSTEM32\SHCORE.dll
0x00007ffd44a40000 - 0x00007ffd44a54000 	C:\windows\SYSTEM32\profapi.dll
0x00007ffd44300000 - 0x00007ffd4431e000 	C:\windows\SYSTEM32\CRYPTSP.dll
0x00007ffd43fd0000 - 0x00007ffd44005000 	C:\windows\system32\rsaenh.dll
0x00007ffd44530000 - 0x00007ffd44556000 	C:\windows\SYSTEM32\bcrypt.dll
0x00007ffd44210000 - 0x00007ffd4422f000 	C:\windows\SYSTEM32\USERENV.dll
0x00007ffd44850000 - 0x00007ffd448ae000 	C:\windows\system32\bcryptprimitives.dll
0x00007ffd448b0000 - 0x00007ffd448ba000 	C:\windows\SYSTEM32\CRYPTBASE.dll
0x000000005a090000 - 0x000000005a0aa000 	C:\Program Files\Java\jdk1.8.0_05\jre\bin\net.dll
0x00007ffd442a0000 - 0x00007ffd442f8000 	C:\windows\system32\mswsock.dll
0x00007ffd3ed70000 - 0x00007ffd3ed99000 	C:\windows\SYSTEM32\IPHLPAPI.DLL
0x00007ffd3eb40000 - 0x00007ffd3eb4a000 	C:\windows\SYSTEM32\WINNSI.DLL
0x00007ffd3e5f0000 - 0x00007ffd3e604000 	C:\windows\SYSTEM32\dhcpcsvc6.DLL
0x00007ffd3e5d0000 - 0x00007ffd3e5e9000 	C:\windows\SYSTEM32\dhcpcsvc.DLL
0x000000005a070000 - 0x000000005a081000 	C:\Program Files\Java\jdk1.8.0_05\jre\bin\nio.dll
0x00007ffd43310000 - 0x00007ffd4331a000 	C:\Users\Soporte\AppData\Local\Temp\jansi-64-1950847377250757624.dll
0x0000000059be0000 - 0x0000000059bed000 	C:\Program Files\Java\jdk1.8.0_05\jre\bin\management.dll
0x00007ffd44070000 - 0x00007ffd44113000 	C:\windows\SYSTEM32\DNSAPI.dll
0x000000005bad0000 - 0x000000005baf6000 	C:\Program Files\Bonjour\mdnsNSP.dll
0x00007ffd3e570000 - 0x00007ffd3e579000 	C:\Windows\System32\rasadhlp.dll
0x00007ffd3e720000 - 0x00007ffd3e787000 	C:\windows\System32\fwpuclnt.dll
0x00007ffd33130000 - 0x00007ffd33144000 	C:\windows\system32\napinsp.dll
0x00007ffd33230000 - 0x00007ffd33249000 	C:\windows\system32\pnrpnsp.dll
0x00007ffd42200000 - 0x00007ffd42219000 	C:\windows\system32\NLAapi.dll
0x00007ffd33cf0000 - 0x00007ffd33cfc000 	C:\windows\System32\winrnr.dll
0x00007ffd335b0000 - 0x00007ffd335c3000 	C:\windows\system32\wshbth.dll
0x00007ffd3ef50000 - 0x00007ffd3f0d8000 	C:\windows\SYSTEM32\dbghelp.dll

VM Arguments:
jvm_args: -Dfile.encoding=UTF-8 -Xmx768M -Xms64M -Dgrails.fork.parent.process.port=49530 -Dgrails.fork.active=true -Dgrails.build.execution.context=C:\Users\Soporte\AppData\Local\Temp\AdminEventos1661167595625517154grails-execution-context -Dgrails.home=C:\Users\Soporte\Documents\Dev\grails-2.4.1\grails-2.4.1 -javaagent:C:\Users\Soporte\Documents\Dev\grails-2.4.1\grails-2.4.1\lib\org.springframework\springloaded\jars\springloaded-1.2.0.RELEASE.jar -Xverify:none -Dspringloaded.synchronize=true -Djdk.reflect.allowGetCallerClass=true -Dspringloaded=profile=grails;cacheDir=C:\Users\Soporte/.grails/2.4.1/ 
java_command: org.grails.plugins.tomcat.fork.ForkedTomcatServer
java_class_path (initial): C:\Program Files\Java\jdk1.8.0_05\lib\tools.jar;C:\Users\Soporte\Documents\Dev\grails-2.4.1\grails-2.4.1\lib\org.codehaus.groovy\groovy-all\jars\groovy-all-2.3.3.jar;C:\Users\Soporte\Documents\Dev\grails-2.4.1\grails-2.4.1\lib\org.slf4j\jcl-over-slf4j\jars\jcl-over-slf4j-1.7.5.jar;C:\Users\Soporte\Documents\Dev\grails-2.4.1\grails-2.4.1\lib\org.codehaus.gant\gant_groovy1.8\jars\gant_groovy1.8-1.9.6.jar;C:\Users\Soporte\Documents\Dev\grails-2.4.1\grails-2.4.1\lib\org.apache.tomcat.embed\tomcat-embed-logging-log4j\jars\tomcat-embed-logging-log4j-7.0.50.jar;C:\Users\Soporte\Documents\Dev\grails-2.4.1\grails-2.4.1\dist\grails-plugin-log4j-2.4.1.jar;C:\Users\Soporte\Documents\Dev\grails-2.4.1\grails-2.4.1\lib\log4j\log4j\jars\log4j-1.2.17.jar;C:\Users\Soporte\Documents\Dev\grails-2.4.1\grails-2.4.1\dist\grails-bootstrap-2.4.1.jar;C:\Users\Soporte\Documents\Dev\grails-2.4.1\grails-2.4.1\lib\org.slf4j\slf4j-api\jars\slf4j-api-1.7.5.jar;C:\Users\Soporte\Documents\Dev\grails-2.4.1\grails-2.4.1\lib\jline\jline\jars\jline-2.12.jar;C:\Users\Soporte\Documents\Dev\grails-2.4.1\grails-2.4.1\lib\org.apache.ant\ant\jars\ant-1.8.4.jar;C:\Users\Soporte\Documents\Dev\grails-2.4.1\grails-2.4.1\lib\org.apache.ant\ant-launcher\jars\ant-launcher-1.8.4.jar;C:\Users\Soporte\Documents\Dev\grails-2.4.1\grails-2.4.1\lib\org.apache.ant\ant-trax\jars\ant-trax-1.7.1.jar;C:\Users\Soporte\Documents\Dev\grails-2.4.1\grails-2.4.1\lib\org.apache.ant\ant-junit\jars\ant-junit-1.8.4.jar;C:\Users\Soporte\Documents\Dev\grails-2.4.1\grails-2.4.1\lib\org.apache.ivy\ivy\jars\ivy-2.3.0.jar;C:\Users\Soporte\Documents\Dev\grails-2.4.1\grails-2.4.1\lib\org.fusesource.jansi\jansi\jars\jansi-1.11.jar;C:\Users\Soporte\.m2\repository\org\apache\tomcat\embed\tomcat-embed-websocket\7.0.53\tomcat-embed-websocket-7.0.53.jar;C:\Users\Soporte\.m2\repository\org\apache\tomcat\embed\tomcat-embed-core\7.0.53\tomcat-embed-core-7.0.53.jar;C:\Users\Soporte\.m2\repository\org\apache\tomcat\embed\tomcat
Launcher Type: SUN_STANDARD

Environment Variables:
JAVA_HOME=C:\Program Files\Java\jdk1.8.0_05
PATH=c:\Program Files (x86)\Intel\iCLS Client\;c:\Program Files\Intel\iCLS Client\;C:\windows\system32;C:\windows;C:\windows\System32\Wbem;C:\windows\System32\WindowsPowerShell\v1.0\;c:\Program Files\Intel\WiFi\bin\;c:\Program Files\Common Files\Intel\WirelessCommon\;C:\Program Files\Intel\Intel(R) Management Engine Components\DAL;C:\Program Files\Intel\Intel(R) Management Engine Components\IPT;C:\Program Files (x86)\Intel\Intel(R) Management Engine Components\DAL;C:\Program Files (x86)\Intel\Intel(R) Management Engine Components\IPT;C:\Program Files (x86)\Windows Kits\8.1\Windows Performance Toolkit\;C:\Program Files\Microsoft SQL Server\110\Tools\Binn\;C:\Users\Soporte\Documents\Dev\grails-2.4.1\grails-2.4.1\bin
USERNAME=Soporte
OS=Windows_NT
PROCESSOR_IDENTIFIER=Intel64 Family 6 Model 60 Stepping 3, GenuineIntel



---------------  S Y S T E M  ---------------

OS: Windows 8.1 , 64 bit Build 9600 

CPU:total 4 (2 cores per cpu, 2 threads per core) family 6 model 60 stepping 3, cmov, cx8, fxsr, mmx, sse, sse2, sse3, ssse3, sse4.1, sse4.2, popcnt, avx, avx2, aes, clmul, erms, ht, tsc, tscinvbit

Memory: 4k page, physical 8283240k(3065644k free), swap 10249320k(4050172k free)

vm_info: Java HotSpot(TM) 64-Bit Server VM (25.5-b02) for windows-amd64 JRE (1.8.0_05-b13), built on Mar 18 2014 01:08:39 by "java_re" with MS VC++ 10.0 (VS2010)

time: Sat Jun 21 14:51:38 2014
elapsed time: 25 seconds

