#
# A fatal error has been detected by the Java Runtime Environment:
#
#  EXCEPTION_ACCESS_VIOLATION (0xc0000005) at pc=0x000000005a654bc2, pid=7136, tid=5572
#
# JRE version: Java(TM) SE Runtime Environment (8.0_05-b13) (build 1.8.0_05-b13)
# Java VM: Java HotSpot(TM) 64-Bit Server VM (25.5-b02 mixed mode windows-amd64 compressed oops)
# Problematic frame:
# V  [jvm.dll+0x424bc2]
#
# Failed to write core dump. Minidumps are not enabled by default on client versions of Windows
#
# If you would like to submit a bug report, please visit:
#   http://bugreport.sun.com/bugreport/crash.jsp
#

---------------  T H R E A D  ---------------

Current thread (0x0000000014346800):  JavaThread "C2 CompilerThread0" daemon [_thread_in_native, id=5572, stack(0x0000000015c60000,0x0000000015d60000)]

siginfo: ExceptionCode=0xc0000005, reading address 0x0000000000000000

Registers:
RAX=0x000000001cb4ae58, RBX=0x0000000000000600, RCX=0x0000000000000000, RDX=0x0000000017363b70
RSP=0x0000000015d5c400, RBP=0x00000000000000c0, RSI=0x00000000000000b8, RDI=0x0000000000000000
R8 =0x000000005a230000, R9 =0x0000000015d5c720, R10=0x00000000ffffffff, R11=0x000000001596c880
R12=0x000000001cb4b560, R13=0x0000000017b5d018, R14=0x0000000000000008, R15=0x0000000017b5d018
RIP=0x000000005a654bc2, EFLAGS=0x0000000000010206

Top of Stack: (sp=0x0000000015d5c400)
0x0000000015d5c400:   00000000000000da 000000001735f6c0
0x0000000015d5c410:   0000000000000000 000000001ac65cb0
0x0000000015d5c420:   0000000000000001 0000000000000600
0x0000000015d5c430:   0000000000000180 00000000000000c0
0x0000000015d5c440:   000000001d1cc1c0 000000001433dbb0
0x0000000015d5c450:   00000000000006e0 000000001735f6c0
0x0000000015d5c460:   0000000015d5c720 000000001cb47fc0
0x0000000015d5c470:   0000000000000020 0000000000000009
0x0000000015d5c480:   000000001cb4b530 00000000000000da
0x0000000015d5c490:   0000000017b5d018 000000005a65579d
0x0000000015d5c4a0:   000000001cb4b530 000000000000001c
0x0000000015d5c4b0:   00000000000000da 0000000015d5c720
0x0000000015d5c4c0:   0000000017363b70 00000000000000da
0x0000000015d5c4d0:   000000001cb47fc0 0000000000000020
0x0000000015d5c4e0:   000000001937c048 0000000015d5ea90
0x0000000015d5c4f0:   000000001937c678 000000001cb4b530 

Instructions: (pc=0x000000005a654bc2)
0x000000005a654ba2:   c6 48 63 f0 48 03 f1 eb 04 48 83 ce ff 48 8b 84
0x000000005a654bb2:   24 a0 00 00 00 48 8b 40 08 48 8b 3c 03 48 8b cf
0x000000005a654bc2:   48 8b 07 ff 50 28 4c 8d 05 31 b4 bd ff 48 63 50
0x000000005a654bd2:   10 4c 8b d8 48 8b ca 48 c1 e1 05 42 80 bc 01 c0 


Register to memory mapping:

RAX=0x000000001cb4ae58 is an unknown value
RBX=0x0000000000000600 is an unknown value
RCX=0x0000000000000000 is an unknown value
RDX=0x0000000017363b70 is an unknown value
RSP=0x0000000015d5c400 is pointing into the stack for thread: 0x0000000014346800
RBP=0x00000000000000c0 is an unknown value
RSI=0x00000000000000b8 is an unknown value
RDI=0x0000000000000000 is an unknown value
R8 =0x000000005a230000 is an unknown value
R9 =0x0000000015d5c720 is pointing into the stack for thread: 0x0000000014346800
R10=0x00000000ffffffff is an unknown value
R11=0x000000001596c880 is an unknown value
R12=0x000000001cb4b560 is an unknown value
R13=0x0000000017b5d018 is an unknown value
R14=0x0000000000000008 is an unknown value
R15=0x0000000017b5d018 is an unknown value


Stack: [0x0000000015c60000,0x0000000015d60000],  sp=0x0000000015d5c400,  free space=1009k
Native frames: (J=compiled Java code, j=interpreted, Vv=VM code, C=native code)
V  [jvm.dll+0x424bc2]
V  [jvm.dll+0x42579d]
V  [jvm.dll+0x425cdf]
V  [jvm.dll+0x4c5874]
V  [jvm.dll+0x44123c]
V  [jvm.dll+0x4436a9]
V  [jvm.dll+0x427532]
V  [jvm.dll+0x96702]
V  [jvm.dll+0x96ef3]
V  [jvm.dll+0x2232c4]
V  [jvm.dll+0x27baca]
C  [msvcr100.dll+0x21d9f]
C  [msvcr100.dll+0x21e3b]
C  [KERNEL32.DLL+0x1611]
C  [ntdll.dll+0x764ad]


Current CompileTask:
C2:  19250 5706       4       groovy.lang.MetaClassImpl::findPropertyMethod (356 bytes)


---------------  P R O C E S S  ---------------

Java Threads: ( => current thread )
  0x0000000015a39800 JavaThread "org.hibernate.cache.internal.StandardQueryCache.data" daemon [_thread_blocked, id=6460, stack(0x000000001e0c0000,0x000000001e1c0000)]
  0x0000000015a38000 JavaThread "org.hibernate.cache.spi.UpdateTimestampsCache.data" daemon [_thread_blocked, id=5248, stack(0x000000001dfc0000,0x000000001e0c0000)]
  0x0000000015a35800 JavaThread "net.sf.ehcache.CacheManager@49027c3a" daemon [_thread_blocked, id=6944, stack(0x000000001dca0000,0x000000001dda0000)]
  0x0000000015a36800 JavaThread "Abandoned connection cleanup thread" daemon [_thread_blocked, id=2644, stack(0x000000001d5a0000,0x000000001d6a0000)]
  0x0000000015a35000 JavaThread "PoolCleaner[2041938259:1403363950026]" daemon [_thread_blocked, id=6728, stack(0x000000001c210000,0x000000001c310000)]
  0x0000000017da0000 JavaThread "FileSystemWatcher: files=#104 cl=groovy.lang.GroovyClassLoader@79b58153" daemon [_thread_blocked, id=7052, stack(0x000000001a190000,0x000000001a290000)]
  0x0000000018a4a000 JavaThread "Thread-4" daemon [_thread_in_native, id=5748, stack(0x000000001a090000,0x000000001a190000)]
  0x0000000018900800 JavaThread "localhost-startStop-1" daemon [_thread_in_Java, id=6568, stack(0x0000000019d90000,0x0000000019e90000)]
  0x00000000188f7800 JavaThread "Tomcat-startStop-1" daemon [_thread_blocked, id=6924, stack(0x0000000019c90000,0x0000000019d90000)]
  0x0000000018892000 JavaThread "Thread-3" [_thread_in_native, id=6528, stack(0x0000000019990000,0x0000000019a90000)]
  0x0000000017552800 JavaThread "Thread-2" [_thread_blocked, id=2576, stack(0x0000000018210000,0x0000000018310000)]
  0x00000000164ba800 JavaThread "NonBlockingInputStreamThread" daemon [_thread_blocked, id=5652, stack(0x0000000016f40000,0x0000000017040000)]
  0x0000000015aee800 JavaThread "Service Thread" daemon [_thread_blocked, id=4800, stack(0x0000000015f60000,0x0000000016060000)]
  0x000000001434a000 JavaThread "C1 CompilerThread2" daemon [_thread_blocked, id=6344, stack(0x0000000015e60000,0x0000000015f60000)]
  0x0000000014347000 JavaThread "C2 CompilerThread1" daemon [_thread_in_native, id=6828, stack(0x0000000015d60000,0x0000000015e60000)]
=>0x0000000014346800 JavaThread "C2 CompilerThread0" daemon [_thread_in_native, id=5572, stack(0x0000000015c60000,0x0000000015d60000)]
  0x00000000142f1800 JavaThread "Attach Listener" daemon [_thread_blocked, id=6076, stack(0x0000000015760000,0x0000000015860000)]
  0x00000000142f0800 JavaThread "Signal Dispatcher" daemon [_thread_blocked, id=6756, stack(0x0000000015660000,0x0000000015760000)]
  0x0000000002578800 JavaThread "Finalizer" daemon [_thread_blocked, id=7072, stack(0x0000000015560000,0x0000000015660000)]
  0x000000000256c800 JavaThread "Reference Handler" daemon [_thread_blocked, id=7104, stack(0x0000000015460000,0x0000000015560000)]
  0x0000000002483800 JavaThread "main" [_thread_blocked, id=6312, stack(0x0000000002280000,0x0000000002380000)]

Other Threads:
  0x00000000142b6800 VMThread [stack: 0x0000000015360000,0x0000000015460000] [id=5344]
  0x0000000015aef800 WatcherThread [stack: 0x0000000016060000,0x0000000016160000] [id=2848]

VM state:not at safepoint (normal execution)

VM Mutex/Monitor currently owned by a thread: None

Heap:
 PSYoungGen      total 218112K, used 71620K [0x00000000f0000000, 0x0000000100000000, 0x0000000100000000)
  eden space 182272K, 19% used [0x00000000f0000000,0x00000000f23689f0,0x00000000fb200000)
  from space 35840K, 98% used [0x00000000fb200000,0x00000000fd488630,0x00000000fd500000)
  to   space 44032K, 0% used [0x00000000fd500000,0x00000000fd500000,0x0000000100000000)
 ParOldGen       total 78848K, used 67778K [0x00000000d0000000, 0x00000000d4d00000, 0x00000000f0000000)
  object space 78848K, 85% used [0x00000000d0000000,0x00000000d4230a68,0x00000000d4d00000)
 Metaspace       used 60082K, capacity 61618K, committed 61952K, reserved 1103872K
  class space    used 6895K, capacity 7332K, committed 7424K, reserved 1048576K

Card table byte_map: [0x0000000011940000,0x0000000011ad0000] byte_map_base: 0x00000000112c0000

Marking Bits: (ParMarkBitMap*) 0x000000005a9e13b0
 Begin Bits: [0x0000000011fd0000, 0x0000000012bd0000)
 End Bits:   [0x0000000012bd0000, 0x00000000137d0000)

Polling page: 0x00000000008e0000

CodeCache: size=245760Kb used=18475Kb max_used=18501Kb free=227284Kb
 bounds [0x0000000002580000, 0x00000000037a0000, 0x0000000011580000]
 total_blobs=6124 nmethods=5348 adapters=685
 compilation: enabled

Compilation events (10 events):
Event: 19.048 Thread 0x000000001434a000 5927   !   2       java.lang.Class::getSimpleBinaryName (38 bytes)
Event: 19.048 Thread 0x000000001434a000 nmethod 5927 0x0000000003775bd0 code [0x0000000003775d80, 0x00000000037760a8]
Event: 19.072 Thread 0x000000001434a000 5928       1       liquibase.logging.core.AbstractLogger::getLogLevel (5 bytes)
Event: 19.073 Thread 0x000000001434a000 nmethod 5928 0x0000000003776350 code [0x00000000037764a0, 0x00000000037765b0]
Event: 19.105 Thread 0x000000001434a000 5929       2       java.lang.Enum::compareTo (44 bytes)
Event: 19.105 Thread 0x000000001434a000 nmethod 5929 0x0000000003776610 code [0x00000000037767a0, 0x0000000003776a68]
Event: 19.186 Thread 0x000000001434a000 5930       2       liquibase.logging.core.DefaultLogger::debug (22 bytes)
Event: 19.186 Thread 0x000000001434a000 nmethod 5930 0x0000000003776c50 code [0x0000000003776dc0, 0x0000000003776f98]
Event: 19.206 Thread 0x0000000014346800 nmethod 5664 0x0000000003781710 code [0x0000000003782420, 0x000000000378b550]
Event: 19.208 Thread 0x0000000014346800 5706       4       groovy.lang.MetaClassImpl::findPropertyMethod (356 bytes)

GC Heap History (10 events):
Event: 16.044 GC heap before
{Heap before GC invocations=56 (full 4):
 PSYoungGen      total 238592K, used 238306K [0x00000000f0000000, 0x0000000100000000, 0x0000000100000000)
  eden space 215040K, 99% used [0x00000000f0000000,0x00000000fd1b9170,0x00000000fd200000)
  from space 23552K, 99% used [0x00000000fd200000,0x00000000fe8ffa38,0x00000000fe900000)
  to   space 23552K, 0% used [0x00000000fe900000,0x00000000fe900000,0x0000000100000000)
 ParOldGen       total 64000K, used 56179K [0x00000000d0000000, 0x00000000d3e80000, 0x00000000f0000000)
  object space 64000K, 87% used [0x00000000d0000000,0x00000000d36dcc30,0x00000000d3e80000)
 Metaspace       used 55698K, capacity 57066K, committed 57344K, reserved 1099776K
  class space    used 6208K, capacity 6578K, committed 6656K, reserved 1048576K
Event: 16.092 GC heap after
Heap after GC invocations=56 (full 4):
 PSYoungGen      total 217088K, used 23546K [0x00000000f0000000, 0x0000000100000000, 0x0000000100000000)
  eden space 193536K, 0% used [0x00000000f0000000,0x00000000f0000000,0x00000000fbd00000)
  from space 23552K, 99% used [0x00000000fe900000,0x00000000ffffe8f0,0x0000000100000000)
  to   space 34304K, 0% used [0x00000000fbd00000,0x00000000fbd00000,0x00000000fde80000)
 ParOldGen       total 66048K, used 65533K [0x00000000d0000000, 0x00000000d4080000, 0x00000000f0000000)
  object space 66048K, 99% used [0x00000000d0000000,0x00000000d3fff4b8,0x00000000d4080000)
 Metaspace       used 55698K, capacity 57066K, committed 57344K, reserved 1099776K
  class space    used 6208K, capacity 6578K, committed 6656K, reserved 1048576K
}
Event: 16.092 GC heap before
{Heap before GC invocations=57 (full 5):
 PSYoungGen      total 217088K, used 23546K [0x00000000f0000000, 0x0000000100000000, 0x0000000100000000)
  eden space 193536K, 0% used [0x00000000f0000000,0x00000000f0000000,0x00000000fbd00000)
  from space 23552K, 99% used [0x00000000fe900000,0x00000000ffffe8f0,0x0000000100000000)
  to   space 34304K, 0% used [0x00000000fbd00000,0x00000000fbd00000,0x00000000fde80000)
 ParOldGen       total 66048K, used 65533K [0x00000000d0000000, 0x00000000d4080000, 0x00000000f0000000)
  object space 66048K, 99% used [0x00000000d0000000,0x00000000d3fff4b8,0x00000000d4080000)
 Metaspace       used 55698K, capacity 57066K, committed 57344K, reserved 1099776K
  class space    used 6208K, capacity 6578K, committed 6656K, reserved 1048576K
Event: 17.032 GC heap after
Heap after GC invocations=57 (full 5):
 PSYoungGen      total 217088K, used 20830K [0x00000000f0000000, 0x0000000100000000, 0x0000000100000000)
  eden space 193536K, 0% used [0x00000000f0000000,0x00000000f0000000,0x00000000fbd00000)
  from space 23552K, 88% used [0x00000000fe900000,0x00000000ffd57ba0,0x0000000100000000)
  to   space 34304K, 0% used [0x00000000fbd00000,0x00000000fbd00000,0x00000000fde80000)
 ParOldGen       total 78848K, used 65925K [0x00000000d0000000, 0x00000000d4d00000, 0x00000000f0000000)
  object space 78848K, 83% used [0x00000000d0000000,0x00000000d40617f8,0x00000000d4d00000)
 Metaspace       used 55698K, capacity 57066K, committed 57344K, reserved 1099776K
  class space    used 6208K, capacity 6578K, committed 6656K, reserved 1048576K
}
Event: 17.462 GC heap before
{Heap before GC invocations=58 (full 5):
 PSYoungGen      total 217088K, used 214366K [0x00000000f0000000, 0x0000000100000000, 0x0000000100000000)
  eden space 193536K, 100% used [0x00000000f0000000,0x00000000fbd00000,0x00000000fbd00000)
  from space 23552K, 88% used [0x00000000fe900000,0x00000000ffd57ba0,0x0000000100000000)
  to   space 34304K, 0% used [0x00000000fbd00000,0x00000000fbd00000,0x00000000fde80000)
 ParOldGen       total 78848K, used 65925K [0x00000000d0000000, 0x00000000d4d00000, 0x00000000f0000000)
  object space 78848K, 83% used [0x00000000d0000000,0x00000000d40617f8,0x00000000d4d00000)
 Metaspace       used 57566K, capacity 58944K, committed 59136K, reserved 1101824K
  class space    used 6480K, capacity 6906K, committed 6912K, reserved 1048576K
Event: 17.519 GC heap after
Heap after GC invocations=58 (full 5):
 PSYoungGen      total 219648K, used 25804K [0x00000000f0000000, 0x0000000100000000, 0x0000000100000000)
  eden space 193536K, 0% used [0x00000000f0000000,0x00000000f0000000,0x00000000fbd00000)
  from space 26112K, 98% used [0x00000000fbd00000,0x00000000fd6333d0,0x00000000fd680000)
  to   space 36352K, 0% used [0x00000000fdc80000,0x00000000fdc80000,0x0000000100000000)
 ParOldGen       total 78848K, used 67762K [0x00000000d0000000, 0x00000000d4d00000, 0x00000000f0000000)
  object space 78848K, 85% used [0x00000000d0000000,0x00000000d422ca68,0x00000000d4d00000)
 Metaspace       used 57566K, capacity 58944K, committed 59136K, reserved 1101824K
  class space    used 6480K, capacity 6906K, committed 6912K, reserved 1048576K
}
Event: 18.421 GC heap before
{Heap before GC invocations=59 (full 5):
 PSYoungGen      total 219648K, used 219033K [0x00000000f0000000, 0x0000000100000000, 0x0000000100000000)
  eden space 193536K, 99% used [0x00000000f0000000,0x00000000fbcb3240,0x00000000fbd00000)
  from space 26112K, 98% used [0x00000000fbd00000,0x00000000fd6333d0,0x00000000fd680000)
  to   space 36352K, 0% used [0x00000000fdc80000,0x00000000fdc80000,0x0000000100000000)
 ParOldGen       total 78848K, used 67762K [0x00000000d0000000, 0x00000000d4d00000, 0x00000000f0000000)
  object space 78848K, 85% used [0x00000000d0000000,0x00000000d422ca68,0x00000000d4d00000)
 Metaspace       used 58502K, capacity 59918K, committed 60160K, reserved 1101824K
  class space    used 6632K, capacity 7055K, committed 7168K, reserved 1048576K
Event: 18.472 GC heap after
Heap after GC invocations=59 (full 5):
 PSYoungGen      total 218624K, used 31060K [0x00000000f0000000, 0x0000000100000000, 0x0000000100000000)
  eden space 182272K, 0% used [0x00000000f0000000,0x00000000f0000000,0x00000000fb200000)
  from space 36352K, 85% used [0x00000000fdc80000,0x00000000ffad5158,0x0000000100000000)
  to   space 39936K, 0% used [0x00000000fb200000,0x00000000fb200000,0x00000000fd900000)
 ParOldGen       total 78848K, used 67770K [0x00000000d0000000, 0x00000000d4d00000, 0x00000000f0000000)
  object space 78848K, 85% used [0x00000000d0000000,0x00000000d422ea68,0x00000000d4d00000)
 Metaspace       used 58502K, capacity 59918K, committed 60160K, reserved 1101824K
  class space    used 6632K, capacity 7055K, committed 7168K, reserved 1048576K
}
Event: 19.120 GC heap before
{Heap before GC invocations=60 (full 5):
 PSYoungGen      total 218624K, used 213332K [0x00000000f0000000, 0x0000000100000000, 0x0000000100000000)
  eden space 182272K, 100% used [0x00000000f0000000,0x00000000fb200000,0x00000000fb200000)
  from space 36352K, 85% used [0x00000000fdc80000,0x00000000ffad5158,0x0000000100000000)
  to   space 39936K, 0% used [0x00000000fb200000,0x00000000fb200000,0x00000000fd900000)
 ParOldGen       total 78848K, used 67770K [0x00000000d0000000, 0x00000000d4d00000, 0x00000000f0000000)
  object space 78848K, 85% used [0x00000000d0000000,0x00000000d422ea68,0x00000000d4d00000)
 Metaspace       used 59772K, capacity 61298K, committed 61568K, reserved 1103872K
  class space    used 6825K, capacity 7268K, committed 7296K, reserved 1048576K
Event: 19.181 GC heap after
Heap after GC invocations=60 (full 5):
 PSYoungGen      total 218112K, used 35361K [0x00000000f0000000, 0x0000000100000000, 0x0000000100000000)
  eden space 182272K, 0% used [0x00000000f0000000,0x00000000f0000000,0x00000000fb200000)
  from space 35840K, 98% used [0x00000000fb200000,0x00000000fd488630,0x00000000fd500000)
  to   space 44032K, 0% used [0x00000000fd500000,0x00000000fd500000,0x0000000100000000)
 ParOldGen       total 78848K, used 67778K [0x00000000d0000000, 0x00000000d4d00000, 0x00000000f0000000)
  object space 78848K, 85% used [0x00000000d0000000,0x00000000d4230a68,0x00000000d4d00000)
 Metaspace       used 59772K, capacity 61298K, committed 61568K, reserved 1103872K
  class space    used 6825K, capacity 7268K, committed 7296K, reserved 1048576K
}

Deoptimization events (10 events):
Event: 15.092 Thread 0x0000000018900800 Uncommon trap: reason=unreached action=reinterpret pc=0x0000000002c35e78 method=java.lang.reflect.AnnotatedElement.isAnnotationPresent(Ljava/lang/Class;)Z @ 7
Event: 15.093 Thread 0x0000000018900800 Uncommon trap: reason=unreached action=reinterpret pc=0x0000000002a8661c method=java.lang.reflect.AnnotatedElement.isAnnotationPresent(Ljava/lang/Class;)Z @ 7
Event: 15.329 Thread 0x0000000018900800 Uncommon trap: reason=unreached action=reinterpret pc=0x00000000027ffcc0 method=org.codehaus.groovy.runtime.metaclass.MetaMethodIndex.getMethods(Ljava/lang/Class;Ljava/lang/String;)Lorg/codehaus/groovy/runtime/metaclass/MetaMethodIndex$Entry; @ 61
Event: 16.014 Thread 0x0000000018900800 Uncommon trap: reason=bimorphic action=maybe_recompile pc=0x00000000034ef124 method=org.springsource.loaded.agent.SpringLoadedPreProcessor.preProcess(Ljava/lang/ClassLoader;Ljava/lang/String;Ljava/security/ProtectionDomain;[B)[B @ 77
Event: 16.016 Thread 0x0000000018900800 Uncommon trap: reason=bimorphic action=maybe_recompile pc=0x00000000034fe170 method=sl.org.objectweb.asm.ClassReader.a(Lsl/org/objectweb/asm/MethodVisitor;Lsl/org/objectweb/asm/Context;I)V @ 537
Event: 17.142 Thread 0x0000000018900800 Uncommon trap: reason=bimorphic action=maybe_recompile pc=0x00000000034fde94 method=sl.org.objectweb.asm.MethodVisitor.visitTryCatchBlock(Lsl/org/objectweb/asm/Label;Lsl/org/objectweb/asm/Label;Lsl/org/objectweb/asm/Label;Ljava/lang/String;)V @ 16
Event: 17.143 Thread 0x0000000018900800 Uncommon trap: reason=class_check action=maybe_recompile pc=0x00000000034ffc14 method=sl.org.objectweb.asm.ClassReader.a(Lsl/org/objectweb/asm/MethodVisitor;Lsl/org/objectweb/asm/Context;I)V @ 1945
Event: 17.143 Thread 0x0000000018900800 Uncommon trap: reason=class_check action=maybe_recompile pc=0x00000000034ffc14 method=sl.org.objectweb.asm.ClassReader.a(Lsl/org/objectweb/asm/MethodVisitor;Lsl/org/objectweb/asm/Context;I)V @ 1945
Event: 17.145 Thread 0x0000000018900800 Uncommon trap: reason=unreached action=reinterpret pc=0x00000000034eea24 method=org.springsource.loaded.agent.SpringLoadedPreProcessor.preProcess(Ljava/lang/ClassLoader;Ljava/lang/String;Ljava/security/ProtectionDomain;[B)[B @ 903
Event: 17.179 Thread 0x0000000018900800 Uncommon trap: reason=unreached action=reinterpret pc=0x000000000355a124 method=org.springframework.beans.factory.support.AbstractAutowireCapableBeanFactory.predictBeanType(Ljava/lang/String;Lorg/springframework/beans/factory/support/RootBeanDefinition;[Lj,†£|Q/.@

Internal exceptions (10 events):
Event: 19.234 Thread 0x0000000018900800 Exception <a 'java/security/PrivilegedActionException'> (0x00000000f2150a88) thrown at [D:\re\workspace\8-2-build-windows-amd64-cygwin\jdk8u5\2488\hotspot\src\share\vm\prims\jvm.cpp, line 1248]
Event: 19.234 Thread 0x0000000018900800 Exception <a 'java/security/PrivilegedActionException'> (0x00000000f2154df8) thrown at [D:\re\workspace\8-2-build-windows-amd64-cygwin\jdk8u5\2488\hotspot\src\share\vm\prims\jvm.cpp, line 1248]
Event: 19.235 Thread 0x0000000018900800 Exception <a 'java/security/PrivilegedActionException'> (0x00000000f2165420) thrown at [D:\re\workspace\8-2-build-windows-amd64-cygwin\jdk8u5\2488\hotspot\src\share\vm\prims\jvm.cpp, line 1248]
Event: 19.235 Thread 0x0000000018900800 Exception <a 'java/security/PrivilegedActionException'> (0x00000000f2168a68) thrown at [D:\re\workspace\8-2-build-windows-amd64-cygwin\jdk8u5\2488\hotspot\src\share\vm\prims\jvm.cpp, line 1248]
Event: 19.235 Thread 0x0000000018900800 Exception <a 'java/security/PrivilegedActionException'> (0x00000000f2174510) thrown at [D:\re\workspace\8-2-build-windows-amd64-cygwin\jdk8u5\2488\hotspot\src\share\vm\prims\jvm.cpp, line 1248]
Event: 19.235 Thread 0x0000000018900800 Exception <a 'java/security/PrivilegedActionException'> (0x00000000f2177b58) thrown at [D:\re\workspace\8-2-build-windows-amd64-cygwin\jdk8u5\2488\hotspot\src\share\vm\prims\jvm.cpp, line 1248]
Event: 19.236 Thread 0x0000000018900800 Exception <a 'java/security/PrivilegedActionException'> (0x00000000f2183608) thrown at [D:\re\workspace\8-2-build-windows-amd64-cygwin\jdk8u5\2488\hotspot\src\share\vm\prims\jvm.cpp, line 1248]
Event: 19.236 Thread 0x0000000018900800 Exception <a 'java/security/PrivilegedActionException'> (0x00000000f2186ed0) thrown at [D:\re\workspace\8-2-build-windows-amd64-cygwin\jdk8u5\2488\hotspot\src\share\vm\prims\jvm.cpp, line 1248]
Event: 19.236 Thread 0x0000000018900800 Exception <a 'java/security/PrivilegedActionException'> (0x00000000f21955f8) thrown at [D:\re\workspace\8-2-build-windows-amd64-cygwin\jdk8u5\2488\hotspot\src\share\vm\prims\jvm.cpp, line 1248]
Event: 19.236 Thread 0x0000000018900800 Exception <a 'java/security/PrivilegedActionException'> (0x00000000f2199a60) thrown at [D:\re\workspace\8-2-build-windows-amd64-cygwin\jdk8u5\2488\hotspot\src\share\vm\prims\jvm.cpp, line 1248]

Events (10 events):
Event: 19.234 loading class liquibase/database/typeconversion/core/FirebirdTypeConverter
Event: 19.234 loading class liquibase/database/typeconversion/core/FirebirdTypeConverter done
Event: 19.235 loading class liquibase/database/structure/type/BlobType
Event: 19.235 loading class liquibase/database/structure/type/BlobType done
Event: 19.235 loading class liquibase/database/structure/type/ClobType
Event: 19.235 loading class liquibase/database/structure/type/ClobType done
Event: 19.236 loading class liquibase/database/structure/ForeignKeyInfo
Event: 19.236 loading class liquibase/database/structure/ForeignKeyInfo done
Event: 19.236 loading class liquibase/database/typeconversion/core/Postgres83TypeConverter
Event: 19.236 loading class liquibase/database/typeconversion/core/Postgres83TypeConverter done


Dynamic libraries:
0x00007ff79ce30000 - 0x00007ff79ce64000 	C:\Program Files\Java\jdk1.8.0_05\bin\java.exe
0x00007ffd476c0000 - 0x00007ffd47869000 	C:\windows\SYSTEM32\ntdll.dll
0x00007ffd452b0000 - 0x00007ffd453ea000 	C:\windows\system32\KERNEL32.DLL
0x00007ffd44cf0000 - 0x00007ffd44dff000 	C:\windows\system32\KERNELBASE.dll
0x00007ffd45910000 - 0x00007ffd459b5000 	C:\windows\system32\ADVAPI32.dll
0x00007ffd455b0000 - 0x00007ffd45721000 	C:\windows\system32\USER32.dll
0x00007ffd42af0000 - 0x00007ffd42d4a000 	C:\windows\WinSxS\amd64_microsoft.windows.common-controls_6595b64144ccf1df_6.0.9600.16384_none_62475f7becb72503\COMCTL32.dll
0x00007ffd44f50000 - 0x00007ffd44ff7000 	C:\windows\system32\msvcrt.dll
0x00007ffd46140000 - 0x00007ffd46197000 	C:\windows\SYSTEM32\sechost.dll
0x00007ffd45ce0000 - 0x00007ffd45e16000 	C:\windows\system32\RPCRT4.dll
0x00007ffd45000000 - 0x00007ffd45145000 	C:\windows\system32\GDI32.dll
0x00007ffd45270000 - 0x00007ffd452a4000 	C:\windows\system32\IMM32.DLL
0x00007ffd459c0000 - 0x00007ffd45af9000 	C:\windows\system32\MSCTF.dll
0x000000005a150000 - 0x000000005a222000 	C:\Program Files\Java\jdk1.8.0_05\jre\bin\msvcr100.dll
0x000000005a230000 - 0x000000005aa5a000 	C:\Program Files\Java\jdk1.8.0_05\jre\bin\server\jvm.dll
0x00007ffd39d30000 - 0x00007ffd39d39000 	C:\windows\SYSTEM32\WSOCK32.dll
0x00007ffd41f90000 - 0x00007ffd41faf000 	C:\windows\SYSTEM32\WINMM.dll
0x00007ffd461b0000 - 0x00007ffd461b7000 	C:\windows\system32\PSAPI.DLL
0x00007ffd46220000 - 0x00007ffd46278000 	C:\windows\system32\WS2_32.dll
0x00007ffd41d90000 - 0x00007ffd41dba000 	C:\windows\SYSTEM32\WINMMBASE.dll
0x00007ffd47690000 - 0x00007ffd47699000 	C:\windows\system32\NSI.dll
0x00007ffd44e00000 - 0x00007ffd44e4a000 	C:\windows\SYSTEM32\cfgmgr32.dll
0x00007ffd437d0000 - 0x00007ffd437f6000 	C:\windows\SYSTEM32\DEVOBJ.dll
0x000000005a100000 - 0x000000005a10f000 	C:\Program Files\Java\jdk1.8.0_05\jre\bin\verify.dll
0x000000005a0d0000 - 0x000000005a0f8000 	C:\Program Files\Java\jdk1.8.0_05\jre\bin\java.dll
0x0000000059b50000 - 0x0000000059b73000 	C:\Program Files\Java\jdk1.8.0_05\jre\bin\instrument.dll
0x000000005a0b0000 - 0x000000005a0c6000 	C:\Program Files\Java\jdk1.8.0_05\jre\bin\zip.dll
0x00007ffd46280000 - 0x00007ffd4768e000 	C:\windows\system32\SHELL32.dll
0x00007ffd45b00000 - 0x00007ffd45cd7000 	C:\windows\SYSTEM32\combase.dll
0x00007ffd461c0000 - 0x00007ffd46211000 	C:\windows\system32\SHLWAPI.dll
0x00007ffd42ff0000 - 0x00007ffd43091000 	C:\windows\SYSTEM32\SHCORE.dll
0x00007ffd44a40000 - 0x00007ffd44a54000 	C:\windows\SYSTEM32\profapi.dll
0x00007ffd44300000 - 0x00007ffd4431e000 	C:\windows\SYSTEM32\CRYPTSP.dll
0x00007ffd43fd0000 - 0x00007ffd44005000 	C:\windows\system32\rsaenh.dll
0x00007ffd44530000 - 0x00007ffd44556000 	C:\windows\SYSTEM32\bcrypt.dll
0x00007ffd44210000 - 0x00007ffd4422f000 	C:\windows\SYSTEM32\USERENV.dll
0x00007ffd44850000 - 0x00007ffd448ae000 	C:\windows\system32\bcryptprimitives.dll
0x00007ffd448b0000 - 0x00007ffd448ba000 	C:\windows\SYSTEM32\CRYPTBASE.dll
0x000000005a090000 - 0x000000005a0aa000 	C:\Program Files\Java\jdk1.8.0_05\jre\bin\net.dll
0x00007ffd442a0000 - 0x00007ffd442f8000 	C:\windows\system32\mswsock.dll
0x00007ffd3ed70000 - 0x00007ffd3ed99000 	C:\windows\SYSTEM32\IPHLPAPI.DLL
0x00007ffd3eb40000 - 0x00007ffd3eb4a000 	C:\windows\SYSTEM32\WINNSI.DLL
0x00007ffd3e5f0000 - 0x00007ffd3e604000 	C:\windows\SYSTEM32\dhcpcsvc6.DLL
0x00007ffd3e5d0000 - 0x00007ffd3e5e9000 	C:\windows\SYSTEM32\dhcpcsvc.DLL
0x000000005a070000 - 0x000000005a081000 	C:\Program Files\Java\jdk1.8.0_05\jre\bin\nio.dll
0x00007ffd3ef20000 - 0x00007ffd3ef2a000 	C:\Users\Soporte\AppData\Local\Temp\jansi-64-7140628432010459062.dll
0x0000000059be0000 - 0x0000000059bed000 	C:\Program Files\Java\jdk1.8.0_05\jre\bin\management.dll
0x00007ffd44070000 - 0x00007ffd44113000 	C:\windows\SYSTEM32\DNSAPI.dll
0x000000005bad0000 - 0x000000005baf6000 	C:\Program Files\Bonjour\mdnsNSP.dll
0x00007ffd3e570000 - 0x00007ffd3e579000 	C:\Windows\System32\rasadhlp.dll
0x00007ffd3e720000 - 0x00007ffd3e787000 	C:\windows\System32\fwpuclnt.dll
0x00007ffd33130000 - 0x00007ffd33144000 	C:\windows\system32\napinsp.dll
0x00007ffd33230000 - 0x00007ffd33249000 	C:\windows\system32\pnrpnsp.dll
0x00007ffd42200000 - 0x00007ffd42219000 	C:\windows\system32\NLAapi.dll
0x00007ffd33cf0000 - 0x00007ffd33cfc000 	C:\windows\System32\winrnr.dll
0x00007ffd335b0000 - 0x00007ffd335c3000 	C:\windows\system32\wshbth.dll
0x00007ffd3ef50000 - 0x00007ffd3f0d8000 	C:\windows\SYSTEM32\dbghelp.dll

VM Arguments:
jvm_args: -Dfile.encoding=UTF-8 -Xmx768M -Xms64M -Dgrails.fork.parent.process.port=54827 -Dgrails.fork.active=true -Dgrails.build.execution.context=C:\Users\Soporte\AppData\Local\Temp\AdminEventos6029162563608964529grails-execution-context -Dgrails.home=C:\Users\Soporte\Documents\Dev\grails-2.4.1\grails-2.4.1 -javaagent:C:\Users\Soporte\Documents\Dev\grails-2.4.1\grails-2.4.1\lib\org.springframework\springloaded\jars\springloaded-1.2.0.RELEASE.jar -Xverify:none -Dspringloaded.synchronize=true -Djdk.reflect.allowGetCallerClass=true -Dspringloaded=profile=grails;cacheDir=C:\Users\Soporte/.grails/2.4.1/ 
java_command: org.grails.plugins.tomcat.fork.ForkedTomcatServer
java_class_path (initial): C:\Program Files\Java\jdk1.8.0_05\lib\tools.jar;C:\Users\Soporte\Documents\Dev\grails-2.4.1\grails-2.4.1\lib\org.codehaus.groovy\groovy-all\jars\groovy-all-2.3.3.jar;C:\Users\Soporte\Documents\Dev\grails-2.4.1\grails-2.4.1\lib\org.slf4j\jcl-over-slf4j\jars\jcl-over-slf4j-1.7.5.jar;C:\Users\Soporte\Documents\Dev\grails-2.4.1\grails-2.4.1\lib\org.codehaus.gant\gant_groovy1.8\jars\gant_groovy1.8-1.9.6.jar;C:\Users\Soporte\Documents\Dev\grails-2.4.1\grails-2.4.1\lib\org.apache.tomcat.embed\tomcat-embed-logging-log4j\jars\tomcat-embed-logging-log4j-7.0.50.jar;C:\Users\Soporte\Documents\Dev\grails-2.4.1\grails-2.4.1\dist\grails-plugin-log4j-2.4.1.jar;C:\Users\Soporte\Documents\Dev\grails-2.4.1\grails-2.4.1\lib\log4j\log4j\jars\log4j-1.2.17.jar;C:\Users\Soporte\Documents\Dev\grails-2.4.1\grails-2.4.1\dist\grails-bootstrap-2.4.1.jar;C:\Users\Soporte\Documents\Dev\grails-2.4.1\grails-2.4.1\lib\org.slf4j\slf4j-api\jars\slf4j-api-1.7.5.jar;C:\Users\Soporte\Documents\Dev\grails-2.4.1\grails-2.4.1\lib\jline\jline\jars\jline-2.12.jar;C:\Users\Soporte\Documents\Dev\grails-2.4.1\grails-2.4.1\lib\org.apache.ant\ant\jars\ant-1.8.4.jar;C:\Users\Soporte\Documents\Dev\grails-2.4.1\grails-2.4.1\lib\org.apache.ant\ant-launcher\jars\ant-launcher-1.8.4.jar;C:\Users\Soporte\Documents\Dev\grails-2.4.1\grails-2.4.1\lib\org.apache.ant\ant-trax\jars\ant-trax-1.7.1.jar;C:\Users\Soporte\Documents\Dev\grails-2.4.1\grails-2.4.1\lib\org.apache.ant\ant-junit\jars\ant-junit-1.8.4.jar;C:\Users\Soporte\Documents\Dev\grails-2.4.1\grails-2.4.1\lib\org.apache.ivy\ivy\jars\ivy-2.3.0.jar;C:\Users\Soporte\Documents\Dev\grails-2.4.1\grails-2.4.1\lib\org.fusesource.jansi\jansi\jars\jansi-1.11.jar;C:\Users\Soporte\.m2\repository\org\apache\tomcat\embed\tomcat-embed-websocket\7.0.53\tomcat-embed-websocket-7.0.53.jar;C:\Users\Soporte\.m2\repository\org\apache\tomcat\embed\tomcat-embed-core\7.0.53\tomcat-embed-core-7.0.53.jar;C:\Users\Soporte\.m2\repository\org\apache\tomcat\embed\tomcat
Launcher Type: SUN_STANDARD

Environment Variables:
JAVA_HOME=C:\Program Files\Java\jdk1.8.0_05
PATH=c:\Program Files (x86)\Intel\iCLS Client\;c:\Program Files\Intel\iCLS Client\;C:\windows\system32;C:\windows;C:\windows\System32\Wbem;C:\windows\System32\WindowsPowerShell\v1.0\;c:\Program Files\Intel\WiFi\bin\;c:\Program Files\Common Files\Intel\WirelessCommon\;C:\Program Files\Intel\Intel(R) Management Engine Components\DAL;C:\Program Files\Intel\Intel(R) Management Engine Components\IPT;C:\Program Files (x86)\Intel\Intel(R) Management Engine Components\DAL;C:\Program Files (x86)\Intel\Intel(R) Management Engine Components\IPT;C:\Program Files (x86)\Windows Kits\8.1\Windows Performance Toolkit\;C:\Program Files\Microsoft SQL Server\110\Tools\Binn\;C:\Users\Soporte\Documents\Dev\grails-2.4.1\grails-2.4.1\bin
USERNAME=Soporte
OS=Windows_NT
PROCESSOR_IDENTIFIER=Intel64 Family 6 Model 60 Stepping 3, GenuineIntel



---------------  S Y S T E M  ---------------

OS: Windows 8.1 , 64 bit Build 9600 

CPU:total 4 (2 cores per cpu, 2 threads per core) family 6 model 60 stepping 3, cmov, cx8, fxsr, mmx, sse, sse2, sse3, ssse3, sse4.1, sse4.2, popcnt, avx, avx2, aes, clmul, erms, ht, tsc, tscinvbit

Memory: 4k page, physical 8283240k(2644856k free), swap 10249320k(3917268k free)

vm_info: Java HotSpot(TM) 64-Bit Server VM (25.5-b02) for windows-amd64 JRE (1.8.0_05-b13), built on Mar 18 2014 01:08:39 by "java_re" with MS VC++ 10.0 (VS2010)

time: Sat Jun 21 10:19:18 2014
elapsed time: 19 seconds

