#
# A fatal error has been detected by the Java Runtime Environment:
#
#  EXCEPTION_ACCESS_VIOLATION (0xc0000005) at pc=0x000000005a654bc2, pid=6564, tid=6072
#
# JRE version: Java(TM) SE Runtime Environment (8.0_05-b13) (build 1.8.0_05-b13)
# Java VM: Java HotSpot(TM) 64-Bit Server VM (25.5-b02 mixed mode windows-amd64 compressed oops)
# Problematic frame:
# V  [jvm.dll+0x424bc2]
#
# Failed to write core dump. Minidumps are not enabled by default on client versions of Windows
#
# If you would like to submit a bug report, please visit:
#   http://bugreport.sun.com/bugreport/crash.jsp
#

---------------  T H R E A D  ---------------

Current thread (0x000000001492f000):  JavaThread "C2 CompilerThread0" daemon [_thread_in_native, id=6072, stack(0x0000000016230000,0x0000000016330000)]

siginfo: ExceptionCode=0xc0000005, reading address 0x0000000000000000

Registers:
RAX=0x00000000167e7cb8, RBX=0x0000000000000600, RCX=0x0000000000000000, RDX=0x0000000019848a30
RSP=0x000000001632c5b0, RBP=0x00000000000000c0, RSI=0x00000000000000b8, RDI=0x0000000000000000
R8 =0x000000005a230000, R9 =0x000000001632c8d0, R10=0x00000000ffffffff, R11=0x0000000014936a70
R12=0x00000000167e83c0, R13=0x0000000016d55548, R14=0x0000000000000008, R15=0x0000000016d55548
RIP=0x000000005a654bc2, EFLAGS=0x0000000000010206

Top of Stack: (sp=0x000000001632c5b0)
0x000000001632c5b0:   00000000000000da 00000000198445a0
0x000000001632c5c0:   0000000000000000 00000000189ac990
0x000000001632c5d0:   0000000000000001 0000000000000600
0x000000001632c5e0:   0000000000000180 00000000000000c0
0x000000001632c5f0:   0000000017c9f100 000000001492dfc0
0x000000001632c600:   00000000000006c8 00000000198445a0
0x000000001632c610:   000000001632c8d0 00000000167e4e30
0x000000001632c620:   0000000000000020 0000000000000009
0x000000001632c630:   00000000167e8390 00000000000000da
0x000000001632c640:   0000000016d55548 000000005a65579d
0x000000001632c650:   00000000167e8390 000000000000001c
0x000000001632c660:   00000000000000da 000000001632c8d0
0x000000001632c670:   0000000019848a30 00000000000000da
0x000000001632c680:   00000000167e4e30 0000000000000020
0x000000001632c690:   000000001772fd58 000000001632ec40
0x000000001632c6a0:   0000000017730388 00000000167e8390 

Instructions: (pc=0x000000005a654bc2)
0x000000005a654ba2:   c6 48 63 f0 48 03 f1 eb 04 48 83 ce ff 48 8b 84
0x000000005a654bb2:   24 a0 00 00 00 48 8b 40 08 48 8b 3c 03 48 8b cf
0x000000005a654bc2:   48 8b 07 ff 50 28 4c 8d 05 31 b4 bd ff 48 63 50
0x000000005a654bd2:   10 4c 8b d8 48 8b ca 48 c1 e1 05 42 80 bc 01 c0 


Register to memory mapping:

RAX=0x00000000167e7cb8 is an unknown value
RBX=0x0000000000000600 is an unknown value
RCX=0x0000000000000000 is an unknown value
RDX=0x0000000019848a30 is an unknown value
RSP=0x000000001632c5b0 is pointing into the stack for thread: 0x000000001492f000
RBP=0x00000000000000c0 is an unknown value
RSI=0x00000000000000b8 is an unknown value
RDI=0x0000000000000000 is an unknown value
R8 =0x000000005a230000 is an unknown value
R9 =0x000000001632c8d0 is pointing into the stack for thread: 0x000000001492f000
R10=0x00000000ffffffff is an unknown value
R11=0x0000000014936a70 is an unknown value
R12=0x00000000167e83c0 is an unknown value
R13=0x0000000016d55548 is an unknown value
R14=0x0000000000000008 is an unknown value
R15=0x0000000016d55548 is an unknown value


Stack: [0x0000000016230000,0x0000000016330000],  sp=0x000000001632c5b0,  free space=1009k
Native frames: (J=compiled Java code, j=interpreted, Vv=VM code, C=native code)
V  [jvm.dll+0x424bc2]
V  [jvm.dll+0x42579d]
V  [jvm.dll+0x425cdf]
V  [jvm.dll+0x4c5874]
V  [jvm.dll+0x44123c]
V  [jvm.dll+0x4436a9]
V  [jvm.dll+0x427532]
V  [jvm.dll+0x96702]
V  [jvm.dll+0x96ef3]
V  [jvm.dll+0x2232c4]
V  [jvm.dll+0x27baca]
C  [msvcr100.dll+0x21d9f]
C  [msvcr100.dll+0x21e3b]
C  [KERNEL32.DLL+0x1611]
C  [ntdll.dll+0x764ad]


Current CompileTask:
C2:  21837 5588       4       groovy.lang.MetaClassImpl::findPropertyMethod (356 bytes)


---------------  P R O C E S S  ---------------

Java Threads: ( => current thread )
  0x0000000017840000 JavaThread "org.hibernate.cache.internal.StandardQueryCache.data" daemon [_thread_blocked, id=5420, stack(0x000000001eae0000,0x000000001ebe0000)]
  0x000000001783f000 JavaThread "org.hibernate.cache.spi.UpdateTimestampsCache.data" daemon [_thread_blocked, id=3348, stack(0x000000001c800000,0x000000001c900000)]
  0x000000001783d000 JavaThread "net.sf.ehcache.CacheManager@2d9523bc" daemon [_thread_blocked, id=7108, stack(0x000000001e850000,0x000000001e950000)]
  0x000000001783e800 JavaThread "Abandoned connection cleanup thread" daemon [_thread_blocked, id=6512, stack(0x000000001ce10000,0x000000001cf10000)]
  0x000000001783b800 JavaThread "PoolCleaner[1337678534:1403365952759]" daemon [_thread_blocked, id=5780, stack(0x000000001cd10000,0x000000001ce10000)]
  0x0000000016d7a800 JavaThread "FileSystemWatcher: files=#107 cl=groovy.lang.GroovyClassLoader@4fbb5ac6" daemon [_thread_blocked, id=140, stack(0x000000001a770000,0x000000001a870000)]
  0x0000000019270800 JavaThread "Thread-4" daemon [_thread_in_native, id=6160, stack(0x000000001a670000,0x000000001a770000)]
  0x0000000019200800 JavaThread "localhost-startStop-1" daemon [_thread_in_Java, id=6352, stack(0x000000001a370000,0x000000001a470000)]
  0x0000000019200000 JavaThread "Tomcat-startStop-1" daemon [_thread_blocked, id=4512, stack(0x000000001a270000,0x000000001a370000)]
  0x0000000019164800 JavaThread "Thread-3" [_thread_in_native, id=5648, stack(0x0000000019f70000,0x000000001a070000)]
  0x0000000016f22000 JavaThread "Thread-2" [_thread_blocked, id=7104, stack(0x00000000187e0000,0x00000000188e0000)]
  0x0000000016b5f800 JavaThread "NonBlockingInputStreamThread" daemon [_thread_blocked, id=2624, stack(0x0000000017510000,0x0000000017610000)]
  0x0000000015ff8800 JavaThread "Service Thread" daemon [_thread_blocked, id=6756, stack(0x0000000016530000,0x0000000016630000)]
  0x0000000015f50800 JavaThread "C1 CompilerThread2" daemon [_thread_blocked, id=6268, stack(0x0000000016430000,0x0000000016530000)]
  0x000000001493e800 JavaThread "C2 CompilerThread1" daemon [_thread_in_native, id=6620, stack(0x0000000016330000,0x0000000016430000)]
=>0x000000001492f000 JavaThread "C2 CompilerThread0" daemon [_thread_in_native, id=6072, stack(0x0000000016230000,0x0000000016330000)]
  0x00000000148e1000 JavaThread "Attach Listener" daemon [_thread_blocked, id=6252, stack(0x0000000015d30000,0x0000000015e30000)]
  0x00000000148e0000 JavaThread "Signal Dispatcher" daemon [_thread_blocked, id=5276, stack(0x0000000015c30000,0x0000000015d30000)]
  0x0000000002b67800 JavaThread "Finalizer" daemon [_thread_blocked, id=5160, stack(0x0000000015b30000,0x0000000015c30000)]
  0x0000000002b5c800 JavaThread "Reference Handler" daemon [_thread_blocked, id=6420, stack(0x0000000015a30000,0x0000000015b30000)]
  0x0000000002a73800 JavaThread "main" [_thread_blocked, id=5924, stack(0x0000000002780000,0x0000000002880000)]

Other Threads:
  0x00000000148a6800 VMThread [stack: 0x0000000015930000,0x0000000015a30000] [id=1368]
  0x0000000015fff800 WatcherThread [stack: 0x0000000016630000,0x0000000016730000] [id=5360]

VM state:not at safepoint (normal execution)

VM Mutex/Monitor currently owned by a thread: None

Heap:
 PSYoungGen      total 199168K, used 98244K [0x00000000f0000000, 0x0000000100000000, 0x0000000100000000)
  eden space 149504K, 38% used [0x00000000f0000000,0x00000000f37d38b8,0x00000000f9200000)
  from space 49664K, 82% used [0x00000000fcf80000,0x00000000ff79dad0,0x0000000100000000)
  to   space 56320K, 0% used [0x00000000f9200000,0x00000000f9200000,0x00000000fc900000)
 ParOldGen       total 74240K, used 64651K [0x00000000d0000000, 0x00000000d4880000, 0x00000000f0000000)
  object space 74240K, 87% used [0x00000000d0000000,0x00000000d3f22e08,0x00000000d4880000)
 Metaspace       used 61970K, capacity 63576K, committed 63732K, reserved 1105920K
  class space    used 7131K, capacity 7644K, committed 7680K, reserved 1048576K

Card table byte_map: [0x0000000011f30000,0x00000000120c0000] byte_map_base: 0x00000000118b0000

Marking Bits: (ParMarkBitMap*) 0x000000005a9e13b0
 Begin Bits: [0x00000000125c0000, 0x00000000131c0000)
 End Bits:   [0x00000000131c0000, 0x0000000013dc0000)

Polling page: 0x0000000000e70000

CodeCache: size=245760Kb used=18273Kb max_used=18277Kb free=227486Kb
 bounds [0x0000000002b70000, 0x0000000003d60000, 0x0000000011b70000]
 total_blobs=6133 nmethods=5355 adapters=688
 compilation: enabled

Compilation events (10 events):
Event: 21.757 Thread 0x0000000015f50800 5792       1       org.codehaus.groovy.runtime.metaclass.NewStaticMetaMethod::isStatic (2 bytes)
Event: 21.758 Thread 0x0000000015f50800 nmethod 5792 0x0000000003d36990 code [0x0000000003d36ae0, 0x0000000003d36bf0]
Event: 21.769 Thread 0x0000000015f50800 5793       2       org.codehaus.groovy.runtime.callsite.PojoMetaMethodSite::createCachedMethodSite (60 bytes)
Event: 21.770 Thread 0x0000000015f50800 nmethod 5793 0x0000000003d35c50 code [0x0000000003d35e00, 0x0000000003d36348]
Event: 21.782 Thread 0x0000000015f50800 5794       2       org.slf4j.impl.GrailsLog4jLoggerAdapter::logMessage (53 bytes)
Event: 21.783 Thread 0x0000000015f50800 nmethod 5794 0x0000000003d34e50 code [0x0000000003d35040, 0x0000000003d35598]
Event: 21.783 Thread 0x0000000015f50800 5795       2       grails.util.GrailsNameUtils::getShortName (26 bytes)
Event: 21.784 Thread 0x0000000015f50800 nmethod 5795 0x0000000003d32ad0 code [0x0000000003d32c40, 0x0000000003d32e38]
Event: 21.794 Thread 0x000000001492f000 nmethod 5529 0x0000000003d50d90 code [0x0000000003d510c0, 0x0000000003d53758]
Event: 21.794 Thread 0x000000001492f000 5588       4       groovy.lang.MetaClassImpl::findPropertyMethod (356 bytes)

GC Heap History (10 events):
Event: 19.349 GC heap before
{Heap before GC invocations=63 (full 5):
 PSYoungGen      total 229376K, used 212706K [0x00000000f0000000, 0x0000000100000000, 0x0000000100000000)
  eden space 201216K, 96% used [0x00000000f0000000,0x00000000fbe258c0,0x00000000fc480000)
  from space 28160K, 63% used [0x00000000fc480000,0x00000000fd613140,0x00000000fe000000)
  to   space 29696K, 0% used [0x00000000fe300000,0x00000000fe300000,0x0000000100000000)
 ParOldGen       total 74240K, used 62472K [0x00000000d0000000, 0x00000000d4880000, 0x00000000f0000000)
  object space 74240K, 84% used [0x00000000d0000000,0x00000000d3d021b0,0x00000000d4880000)
 Metaspace       used 55560K, capacity 56952K, committed 57076K, reserved 1099776K
  class space    used 6193K, capacity 6580K, committed 6656K, reserved 1048576K
Event: 19.396 GC heap after
Heap after GC invocations=63 (full 5):
 PSYoungGen      total 224256K, used 26620K [0x00000000f0000000, 0x0000000100000000, 0x0000000100000000)
  eden space 194560K, 0% used [0x00000000f0000000,0x00000000f0000000,0x00000000fbe00000)
  from space 29696K, 89% used [0x00000000fe300000,0x00000000ffcff140,0x0000000100000000)
  to   space 33792K, 0% used [0x00000000fbe00000,0x00000000fbe00000,0x00000000fdf00000)
 ParOldGen       total 74240K, used 62480K [0x00000000d0000000, 0x00000000d4880000, 0x00000000f0000000)
  object space 74240K, 84% used [0x00000000d0000000,0x00000000d3d041b0,0x00000000d4880000)
 Metaspace       used 55560K, capacity 56952K, committed 57076K, reserved 1099776K
  class space    used 6193K, capacity 6580K, committed 6656K, reserved 1048576K
}
Event: 19.814 GC heap before
{Heap before GC invocations=64 (full 5):
 PSYoungGen      total 224256K, used 221180K [0x00000000f0000000, 0x0000000100000000, 0x0000000100000000)
  eden space 194560K, 100% used [0x00000000f0000000,0x00000000fbe00000,0x00000000fbe00000)
  from space 29696K, 89% used [0x00000000fe300000,0x00000000ffcff140,0x0000000100000000)
  to   space 33792K, 0% used [0x00000000fbe00000,0x00000000fbe00000,0x00000000fdf00000)
 ParOldGen       total 74240K, used 62480K [0x00000000d0000000, 0x00000000d4880000, 0x00000000f0000000)
  object space 74240K, 84% used [0x00000000d0000000,0x00000000d3d041b0,0x00000000d4880000)
 Metaspace       used 57521K, capacity 58918K, committed 59124K, reserved 1101824K
  class space    used 6464K, capacity 6872K, committed 6912K, reserved 1048576K
Event: 19.858 GC heap after
Heap after GC invocations=64 (full 5):
 PSYoungGen      total 226304K, used 31700K [0x00000000f0000000, 0x0000000100000000, 0x0000000100000000)
  eden space 194560K, 0% used [0x00000000f0000000,0x00000000f0000000,0x00000000fbe00000)
  from space 31744K, 99% used [0x00000000fbe00000,0x00000000fdcf52a8,0x00000000fdd00000)
  to   space 35840K, 0% used [0x00000000fdd00000,0x00000000fdd00000,0x0000000100000000)
 ParOldGen       total 74240K, used 62488K [0x00000000d0000000, 0x00000000d4880000, 0x00000000f0000000)
  object space 74240K, 84% used [0x00000000d0000000,0x00000000d3d061b0,0x00000000d4880000)
 Metaspace       used 57521K, capacity 58918K, committed 59124K, reserved 1101824K
  class space    used 6464K, capacity 6872K, committed 6912K, reserved 1048576K
}
Event: 20.592 GC heap before
{Heap before GC invocations=65 (full 5):
 PSYoungGen      total 226304K, used 226260K [0x00000000f0000000, 0x0000000100000000, 0x0000000100000000)
  eden space 194560K, 100% used [0x00000000f0000000,0x00000000fbe00000,0x00000000fbe00000)
  from space 31744K, 99% used [0x00000000fbe00000,0x00000000fdcf52a8,0x00000000fdd00000)
  to   space 35840K, 0% used [0x00000000fdd00000,0x00000000fdd00000,0x0000000100000000)
 ParOldGen       total 74240K, used 62488K [0x00000000d0000000, 0x00000000d4880000, 0x00000000f0000000)
  object space 74240K, 84% used [0x00000000d0000000,0x00000000d3d061b0,0x00000000d4880000)
 Metaspace       used 58806K, capacity 60252K, committed 60404K, reserved 1101824K
  class space    used 6663K, capacity 7092K, committed 7168K, reserved 1048576K
Event: 20.648 GC heap after
Heap after GC invocations=65 (full 5):
 PSYoungGen      total 207872K, used 35809K [0x00000000f0000000, 0x0000000100000000, 0x0000000100000000)
  eden space 172032K, 0% used [0x00000000f0000000,0x00000000f0000000,0x00000000fa800000)
  from space 35840K, 99% used [0x00000000fdd00000,0x00000000ffff85e8,0x0000000100000000)
  to   space 45056K, 0% used [0x00000000fa800000,0x00000000fa800000,0x00000000fd400000)
 ParOldGen       total 74240K, used 64635K [0x00000000d0000000, 0x00000000d4880000, 0x00000000f0000000)
  object space 74240K, 87% used [0x00000000d0000000,0x00000000d3f1ee08,0x00000000d4880000)
 Metaspace       used 58806K, capacity 60252K, committed 60404K, reserved 1101824K
  class space    used 6663K, capacity 7092K, committed 7168K, reserved 1048576K
}
Event: 21.100 GC heap before
{Heap before GC invocations=66 (full 5):
 PSYoungGen      total 207872K, used 206757K [0x00000000f0000000, 0x0000000100000000, 0x0000000100000000)
  eden space 172032K, 99% used [0x00000000f0000000,0x00000000fa6f1120,0x00000000fa800000)
  from space 35840K, 99% used [0x00000000fdd00000,0x00000000ffff85e8,0x0000000100000000)
  to   space 45056K, 0% used [0x00000000fa800000,0x00000000fa800000,0x00000000fd400000)
 ParOldGen       total 74240K, used 64635K [0x00000000d0000000, 0x00000000d4880000, 0x00000000f0000000)
  object space 74240K, 87% used [0x00000000d0000000,0x00000000d3f1ee08,0x00000000d4880000)
 Metaspace       used 59590K, capacity 61060K, committed 61300K, reserved 1103872K
  class space    used 6786K, capacity 7206K, committed 7296K, reserved 1048576K
Event: 21.156 GC heap after
Heap after GC invocations=66 (full 5):
 PSYoungGen      total 212480K, used 40172K [0x00000000f0000000, 0x0000000100000000, 0x0000000100000000)
  eden space 172032K, 0% used [0x00000000f0000000,0x00000000f0000000,0x00000000fa800000)
  from space 40448K, 99% used [0x00000000fa800000,0x00000000fcf3b088,0x00000000fcf80000)
  to   space 49664K, 0% used [0x00000000fcf80000,0x00000000fcf80000,0x0000000100000000)
 ParOldGen       total 74240K, used 64643K [0x00000000d0000000, 0x00000000d4880000, 0x00000000f0000000)
  object space 74240K, 87% used [0x00000000d0000000,0x00000000d3f20e08,0x00000000d4880000)
 Metaspace       used 59590K, capacity 61060K, committed 61300K, reserved 1103872K
  class space    used 6786K, capacity 7206K, committed 7296K, reserved 1048576K
}
Event: 21.440 GC heap before
{Heap before GC invocations=67 (full 5):
 PSYoungGen      total 212480K, used 212204K [0x00000000f0000000, 0x0000000100000000, 0x0000000100000000)
  eden space 172032K, 100% used [0x00000000f0000000,0x00000000fa800000,0x00000000fa800000)
  from space 40448K, 99% used [0x00000000fa800000,0x00000000fcf3b088,0x00000000fcf80000)
  to   space 49664K, 0% used [0x00000000fcf80000,0x00000000fcf80000,0x0000000100000000)
 ParOldGen       total 74240K, used 64643K [0x00000000d0000000, 0x00000000d4880000, 0x00000000f0000000)
  object space 74240K, 87% used [0x00000000d0000000,0x00000000d3f20e08,0x00000000d4880000)
 Metaspace       used 61037K, capacity 62608K, committed 62836K, reserved 1103872K
  class space    used 7028K, capacity 7466K, committed 7552K, reserved 1048576K
Event: 21.482 GC heap after
Heap after GC invocations=67 (full 5):
 PSYoungGen      total 199168K, used 41078K [0x00000000f0000000, 0x0000000100000000, 0x0000000100000000)
  eden space 149504K, 0% used [0x00000000f0000000,0x00000000f0000000,0x00000000f9200000)
  from space 49664K, 82% used [0x00000000fcf80000,0x00000000ff79dad0,0x0000000100000000)
  to   space 56320K, 0% used [0x00000000f9200000,0x00000000f9200000,0x00000000fc900000)
 ParOldGen       total 74240K, used 64651K [0x00000000d0000000, 0x00000000d4880000, 0x00000000f0000000)
  object space 74240K, 87% used [0x00000000d0000000,0x00000000d3f22e08,0x00000000d4880000)
 Metaspace       used 61037K, capacity 62608K, committed 62836K, reserved 1103872K
  class space    used 7028K, capacity 7466K, committed 7552K, reserved 1048576K
}

Deoptimization events (10 events):
Event: 16.283 Thread 0x0000000019200800 Uncommon trap: reason=array_check action=maybe_recompile pc=0x0000000003b57fa8 method=java.util.AbstractCollection.toArray([Ljava/lang/Object;)[Ljava/lang/Object; @ 119
Event: 16.291 Thread 0x0000000019200800 Uncommon trap: reason=null_assert action=make_not_entrant pc=0x00000000038ab8e8 method=java.util.concurrent.ConcurrentHashMap.putVal(Ljava/lang/Object;Ljava/lang/Object;Z)Ljava/lang/Object; @ 264
Event: 16.945 Thread 0x0000000019200800 Uncommon trap: reason=unreached action=reinterpret pc=0x00000000038354a8 method=java.lang.reflect.Method.equals(Ljava/lang/Object;)Z @ 1
Event: 17.168 Thread 0x0000000019200800 Uncommon trap: reason=unreached action=reinterpret pc=0x0000000003b09b00 method=org.codehaus.groovy.runtime.metaclass.MetaMethodIndex.isNonRealMethod(Lgroovy/lang/MetaMethod;)Z @ 4
Event: 18.645 Thread 0x0000000019200800 Uncommon trap: reason=unreached action=reinterpret pc=0x000000000387ac44 method=org.codehaus.groovy.runtime.metaclass.MetaMethodIndex.getMethods(Ljava/lang/Class;Ljava/lang/String;)Lorg/codehaus/groovy/runtime/metaclass/MetaMethodIndex$Entry; @ 61
Event: 19.407 Thread 0x0000000019200800 Uncommon trap: reason=bimorphic action=maybe_recompile pc=0x0000000003b63188 method=sl.org.objectweb.asm.ClassReader.a(Lsl/org/objectweb/asm/MethodVisitor;Lsl/org/objectweb/asm/Context;I)V @ 537
Event: 19.542 Thread 0x0000000019200800 Uncommon trap: reason=bimorphic action=maybe_recompile pc=0x0000000003b62f18 method=sl.org.objectweb.asm.MethodVisitor.visitTryCatchBlock(Lsl/org/objectweb/asm/Label;Lsl/org/objectweb/asm/Label;Lsl/org/objectweb/asm/Label;Ljava/lang/String;)V @ 16
Event: 19.543 Thread 0x0000000019200800 Uncommon trap: reason=class_check action=maybe_recompile pc=0x0000000003b64c54 method=sl.org.objectweb.asm.ClassReader.a(Lsl/org/objectweb/asm/MethodVisitor;Lsl/org/objectweb/asm/Context;I)V @ 1945
Event: 19.543 Thread 0x0000000019200800 Uncommon trap: reason=class_check action=maybe_recompile pc=0x0000000003b64c54 method=sl.org.objectweb.asm.ClassReader.a(Lsl/org/objectweb/asm/MethodVisitor;Lsl/org/objectweb/asm/Context;I)V @ 1945
Event: 19.543 Thread 0x0000000019200800 Uncommon trap: reason=class_check action=maybe_recompile pc=0x0000000003b64c54 method=sl.org.objectweb.asm.ClassReader.a(Lsl/org/objectweb/asm/MethodVisitor;Lsl/org/objectweb/asm/Context;I)V @ 1945

Internal exceptions (10 events):
Event: 21.821 Thread 0x0000000019200800 Exception <a 'java/security/PrivilegedActionException'> (0x00000000f344f820) thrown at [D:\re\workspace\8-2-build-windows-amd64-cygwin\jdk8u5\2488\hotspot\src\share\vm\prims\jvm.cpp, line 1248]
Event: 21.822 Thread 0x0000000019200800 Exception <a 'java/security/PrivilegedActionException'> (0x00000000f345a480) thrown at [D:\re\workspace\8-2-build-windows-amd64-cygwin\jdk8u5\2488\hotspot\src\share\vm\prims\jvm.cpp, line 1248]
Event: 21.822 Thread 0x0000000019200800 Exception <a 'java/security/PrivilegedActionException'> (0x00000000f345dc08) thrown at [D:\re\workspace\8-2-build-windows-amd64-cygwin\jdk8u5\2488\hotspot\src\share\vm\prims\jvm.cpp, line 1248]
Event: 21.822 Thread 0x0000000019200800 Exception <a 'java/security/PrivilegedActionException'> (0x00000000f3467500) thrown at [D:\re\workspace\8-2-build-windows-amd64-cygwin\jdk8u5\2488\hotspot\src\share\vm\prims\jvm.cpp, line 1248]
Event: 21.822 Thread 0x0000000019200800 Exception <a 'java/security/PrivilegedActionException'> (0x00000000f346b0e8) thrown at [D:\re\workspace\8-2-build-windows-amd64-cygwin\jdk8u5\2488\hotspot\src\share\vm\prims\jvm.cpp, line 1248]
Event: 21.822 Thread 0x0000000019200800 Exception <a 'java/security/PrivilegedActionException'> (0x00000000f347a310) thrown at [D:\re\workspace\8-2-build-windows-amd64-cygwin\jdk8u5\2488\hotspot\src\share\vm\prims\jvm.cpp, line 1248]
Event: 21.823 Thread 0x0000000019200800 Exception <a 'java/security/PrivilegedActionException'> (0x00000000f348d660) thrown at [D:\re\workspace\8-2-build-windows-amd64-cygwin\jdk8u5\2488\hotspot\src\share\vm\prims\jvm.cpp, line 1248]
Event: 21.823 Thread 0x0000000019200800 Exception <a 'java/security/PrivilegedActionException'> (0x00000000f3491158) thrown at [D:\re\workspace\8-2-build-windows-amd64-cygwin\jdk8u5\2488\hotspot\src\share\vm\prims\jvm.cpp, line 1248]
Event: 21.823 Thread 0x0000000019200800 Exception <a 'java/security/PrivilegedActionException'> (0x00000000f349ffe0) thrown at [D:\re\workspace\8-2-build-windows-amd64-cygwin\jdk8u5\2488\hotspot\src\share\vm\prims\jvm.cpp, line 1248]
Event: 21.823 Thread 0x0000000019200800 Exception <a 'java/security/PrivilegedActionException'> (0x00000000f34b2ec8) thrown at [D:\re\workspace\8-2-build-windows-amd64-cygwin\jdk8u5\2488\hotspot\src\share\vm\prims\jvm.cpp, line 1248]

Events (10 events):
Event: 21.821 loading class org/hibernate/engine/jdbc/spi/LogicalConnectionImplementor
Event: 21.821 loading class org/hibernate/engine/jdbc/spi/LogicalConnectionImplementor done
Event: 21.822 loading class org/hibernate/engine/jdbc/spi/LogicalConnection
Event: 21.822 loading class org/hibernate/engine/jdbc/spi/LogicalConnection done
Event: 21.822 loading class org/hibernate/internal/CoreMessageLogger_$logger_es_MX
Event: 21.822 loading class org/hibernate/internal/CoreMessageLogger_$logger_es_MX done
Event: 21.823 loading class org/hibernate/internal/CoreMessageLogger_$logger_es
Event: 21.823 loading class org/hibernate/internal/CoreMessageLogger_$logger_es done
Event: 21.823 loading class org/hibernate/internal/AbstractSessionImpl$NonContextualJdbcConnectionAccess
Event: 21.823 loading class org/hibernate/internal/AbstractSessionImpl$NonContextualJdbcConnectionAccess done


Dynamic libraries:
0x00007ff79ce30000 - 0x00007ff79ce64000 	C:\Program Files\Java\jdk1.8.0_05\bin\java.exe
0x00007ffd476c0000 - 0x00007ffd47869000 	C:\windows\SYSTEM32\ntdll.dll
0x00007ffd452b0000 - 0x00007ffd453ea000 	C:\windows\system32\KERNEL32.DLL
0x00007ffd44cf0000 - 0x00007ffd44dff000 	C:\windows\system32\KERNELBASE.dll
0x00007ffd45910000 - 0x00007ffd459b5000 	C:\windows\system32\ADVAPI32.dll
0x00007ffd455b0000 - 0x00007ffd45721000 	C:\windows\system32\USER32.dll
0x00007ffd42af0000 - 0x00007ffd42d4a000 	C:\windows\WinSxS\amd64_microsoft.windows.common-controls_6595b64144ccf1df_6.0.9600.16384_none_62475f7becb72503\COMCTL32.dll
0x00007ffd44f50000 - 0x00007ffd44ff7000 	C:\windows\system32\msvcrt.dll
0x00007ffd46140000 - 0x00007ffd46197000 	C:\windows\SYSTEM32\sechost.dll
0x00007ffd45ce0000 - 0x00007ffd45e16000 	C:\windows\system32\RPCRT4.dll
0x00007ffd45000000 - 0x00007ffd45145000 	C:\windows\system32\GDI32.dll
0x00007ffd45270000 - 0x00007ffd452a4000 	C:\windows\system32\IMM32.DLL
0x00007ffd459c0000 - 0x00007ffd45af9000 	C:\windows\system32\MSCTF.dll
0x000000005a150000 - 0x000000005a222000 	C:\Program Files\Java\jdk1.8.0_05\jre\bin\msvcr100.dll
0x000000005a230000 - 0x000000005aa5a000 	C:\Program Files\Java\jdk1.8.0_05\jre\bin\server\jvm.dll
0x00007ffd39d30000 - 0x00007ffd39d39000 	C:\windows\SYSTEM32\WSOCK32.dll
0x00007ffd41f90000 - 0x00007ffd41faf000 	C:\windows\SYSTEM32\WINMM.dll
0x00007ffd461b0000 - 0x00007ffd461b7000 	C:\windows\system32\PSAPI.DLL
0x00007ffd46220000 - 0x00007ffd46278000 	C:\windows\system32\WS2_32.dll
0x00007ffd41d90000 - 0x00007ffd41dba000 	C:\windows\SYSTEM32\WINMMBASE.dll
0x00007ffd47690000 - 0x00007ffd47699000 	C:\windows\system32\NSI.dll
0x00007ffd44e00000 - 0x00007ffd44e4a000 	C:\windows\SYSTEM32\cfgmgr32.dll
0x00007ffd437d0000 - 0x00007ffd437f6000 	C:\windows\SYSTEM32\DEVOBJ.dll
0x000000005a100000 - 0x000000005a10f000 	C:\Program Files\Java\jdk1.8.0_05\jre\bin\verify.dll
0x000000005a0d0000 - 0x000000005a0f8000 	C:\Program Files\Java\jdk1.8.0_05\jre\bin\java.dll
0x0000000059b80000 - 0x0000000059ba3000 	C:\Program Files\Java\jdk1.8.0_05\jre\bin\instrument.dll
0x000000005a0b0000 - 0x000000005a0c6000 	C:\Program Files\Java\jdk1.8.0_05\jre\bin\zip.dll
0x00007ffd46280000 - 0x00007ffd4768e000 	C:\windows\system32\SHELL32.dll
0x00007ffd45b00000 - 0x00007ffd45cd7000 	C:\windows\SYSTEM32\combase.dll
0x00007ffd461c0000 - 0x00007ffd46211000 	C:\windows\system32\SHLWAPI.dll
0x00007ffd42ff0000 - 0x00007ffd43091000 	C:\windows\SYSTEM32\SHCORE.dll
0x00007ffd44a40000 - 0x00007ffd44a54000 	C:\windows\SYSTEM32\profapi.dll
0x00007ffd44300000 - 0x00007ffd4431e000 	C:\windows\SYSTEM32\CRYPTSP.dll
0x00007ffd43fd0000 - 0x00007ffd44005000 	C:\windows\system32\rsaenh.dll
0x00007ffd44530000 - 0x00007ffd44556000 	C:\windows\SYSTEM32\bcrypt.dll
0x00007ffd44210000 - 0x00007ffd4422f000 	C:\windows\SYSTEM32\USERENV.dll
0x00007ffd44850000 - 0x00007ffd448ae000 	C:\windows\system32\bcryptprimitives.dll
0x00007ffd448b0000 - 0x00007ffd448ba000 	C:\windows\SYSTEM32\CRYPTBASE.dll
0x000000005a090000 - 0x000000005a0aa000 	C:\Program Files\Java\jdk1.8.0_05\jre\bin\net.dll
0x00007ffd442a0000 - 0x00007ffd442f8000 	C:\windows\system32\mswsock.dll
0x00007ffd3ed70000 - 0x00007ffd3ed99000 	C:\windows\SYSTEM32\IPHLPAPI.DLL
0x00007ffd3eb40000 - 0x00007ffd3eb4a000 	C:\windows\SYSTEM32\WINNSI.DLL
0x00007ffd3e5f0000 - 0x00007ffd3e604000 	C:\windows\SYSTEM32\dhcpcsvc6.DLL
0x00007ffd3e5d0000 - 0x00007ffd3e5e9000 	C:\windows\SYSTEM32\dhcpcsvc.DLL
0x000000005a070000 - 0x000000005a081000 	C:\Program Files\Java\jdk1.8.0_05\jre\bin\nio.dll
0x00007ffd3fc60000 - 0x00007ffd3fc6a000 	C:\Users\Soporte\AppData\Local\Temp\jansi-64-7690133227894641260.dll
0x0000000059be0000 - 0x0000000059bed000 	C:\Program Files\Java\jdk1.8.0_05\jre\bin\management.dll
0x00007ffd44070000 - 0x00007ffd44113000 	C:\windows\SYSTEM32\DNSAPI.dll
0x000000005bad0000 - 0x000000005baf6000 	C:\Program Files\Bonjour\mdnsNSP.dll
0x00007ffd3e570000 - 0x00007ffd3e579000 	C:\Windows\System32\rasadhlp.dll
0x00007ffd3e720000 - 0x00007ffd3e787000 	C:\windows\System32\fwpuclnt.dll
0x00007ffd33130000 - 0x00007ffd33144000 	C:\windows\system32\napinsp.dll
0x00007ffd33230000 - 0x00007ffd33249000 	C:\windows\system32\pnrpnsp.dll
0x00007ffd42200000 - 0x00007ffd42219000 	C:\windows\system32\NLAapi.dll
0x00007ffd33cf0000 - 0x00007ffd33cfc000 	C:\windows\System32\winrnr.dll
0x00007ffd335b0000 - 0x00007ffd335c3000 	C:\windows\system32\wshbth.dll
0x00007ffd3ef50000 - 0x00007ffd3f0d8000 	C:\windows\SYSTEM32\dbghelp.dll

VM Arguments:
jvm_args: -Dfile.encoding=UTF-8 -Xmx768M -Xms64M -Dgrails.fork.parent.process.port=55523 -Dgrails.fork.active=true -Dgrails.build.execution.context=C:\Users\Soporte\AppData\Local\Temp\AdminEventos1470903549931395092grails-execution-context -Dgrails.home=C:\Users\Soporte\Documents\Dev\grails-2.4.1\grails-2.4.1 -javaagent:C:\Users\Soporte\Documents\Dev\grails-2.4.1\grails-2.4.1\lib\org.springframework\springloaded\jars\springloaded-1.2.0.RELEASE.jar -Xverify:none -Dspringloaded.synchronize=true -Djdk.reflect.allowGetCallerClass=true -Dspringloaded=profile=grails;cacheDir=C:\Users\Soporte/.grails/2.4.1/ 
java_command: org.grails.plugins.tomcat.fork.ForkedTomcatServer
java_class_path (initial): C:\Program Files\Java\jdk1.8.0_05\lib\tools.jar;C:\Users\Soporte\Documents\Dev\grails-2.4.1\grails-2.4.1\lib\org.codehaus.groovy\groovy-all\jars\groovy-all-2.3.3.jar;C:\Users\Soporte\Documents\Dev\grails-2.4.1\grails-2.4.1\lib\org.slf4j\jcl-over-slf4j\jars\jcl-over-slf4j-1.7.5.jar;C:\Users\Soporte\Documents\Dev\grails-2.4.1\grails-2.4.1\lib\org.codehaus.gant\gant_groovy1.8\jars\gant_groovy1.8-1.9.6.jar;C:\Users\Soporte\Documents\Dev\grails-2.4.1\grails-2.4.1\lib\org.apache.tomcat.embed\tomcat-embed-logging-log4j\jars\tomcat-embed-logging-log4j-7.0.50.jar;C:\Users\Soporte\Documents\Dev\grails-2.4.1\grails-2.4.1\dist\grails-plugin-log4j-2.4.1.jar;C:\Users\Soporte\Documents\Dev\grails-2.4.1\grails-2.4.1\lib\log4j\log4j\jars\log4j-1.2.17.jar;C:\Users\Soporte\Documents\Dev\grails-2.4.1\grails-2.4.1\dist\grails-bootstrap-2.4.1.jar;C:\Users\Soporte\Documents\Dev\grails-2.4.1\grails-2.4.1\lib\org.slf4j\slf4j-api\jars\slf4j-api-1.7.5.jar;C:\Users\Soporte\Documents\Dev\grails-2.4.1\grails-2.4.1\lib\jline\jline\jars\jline-2.12.jar;C:\Users\Soporte\Documents\Dev\grails-2.4.1\grails-2.4.1\lib\org.apache.ant\ant\jars\ant-1.8.4.jar;C:\Users\Soporte\Documents\Dev\grails-2.4.1\grails-2.4.1\lib\org.apache.ant\ant-launcher\jars\ant-launcher-1.8.4.jar;C:\Users\Soporte\Documents\Dev\grails-2.4.1\grails-2.4.1\lib\org.apache.ant\ant-trax\jars\ant-trax-1.7.1.jar;C:\Users\Soporte\Documents\Dev\grails-2.4.1\grails-2.4.1\lib\org.apache.ant\ant-junit\jars\ant-junit-1.8.4.jar;C:\Users\Soporte\Documents\Dev\grails-2.4.1\grails-2.4.1\lib\org.apache.ivy\ivy\jars\ivy-2.3.0.jar;C:\Users\Soporte\Documents\Dev\grails-2.4.1\grails-2.4.1\lib\org.fusesource.jansi\jansi\jars\jansi-1.11.jar;C:\Users\Soporte\.m2\repository\org\apache\tomcat\embed\tomcat-embed-websocket\7.0.53\tomcat-embed-websocket-7.0.53.jar;C:\Users\Soporte\.m2\repository\org\apache\tomcat\embed\tomcat-embed-core\7.0.53\tomcat-embed-core-7.0.53.jar;C:\Users\Soporte\.m2\repository\org\apache\tomcat\embed\tomcat
Launcher Type: SUN_STANDARD

Environment Variables:
JAVA_HOME=C:\Program Files\Java\jdk1.8.0_05
PATH=c:\Program Files (x86)\Intel\iCLS Client\;c:\Program Files\Intel\iCLS Client\;C:\windows\system32;C:\windows;C:\windows\System32\Wbem;C:\windows\System32\WindowsPowerShell\v1.0\;c:\Program Files\Intel\WiFi\bin\;c:\Program Files\Common Files\Intel\WirelessCommon\;C:\Program Files\Intel\Intel(R) Management Engine Components\DAL;C:\Program Files\Intel\Intel(R) Management Engine Components\IPT;C:\Program Files (x86)\Intel\Intel(R) Management Engine Components\DAL;C:\Program Files (x86)\Intel\Intel(R) Management Engine Components\IPT;C:\Program Files (x86)\Windows Kits\8.1\Windows Performance Toolkit\;C:\Program Files\Microsoft SQL Server\110\Tools\Binn\;C:\Users\Soporte\Documents\Dev\grails-2.4.1\grails-2.4.1\bin
USERNAME=Soporte
OS=Windows_NT
PROCESSOR_IDENTIFIER=Intel64 Family 6 Model 60 Stepping 3, GenuineIntel



---------------  S Y S T E M  ---------------

OS: Windows 8.1 , 64 bit Build 9600 

CPU:total 4 (2 cores per cpu, 2 threads per core) family 6 model 60 stepping 3, cmov, cx8, fxsr, mmx, sse, sse2, sse3, ssse3, sse4.1, sse4.2, popcnt, avx, avx2, aes, clmul, erms, ht, tsc, tscinvbit

Memory: 4k page, physical 8283240k(3742664k free), swap 10249320k(4983180k free)

vm_info: Java HotSpot(TM) 64-Bit Server VM (25.5-b02) for windows-amd64 JRE (1.8.0_05-b13), built on Mar 18 2014 01:08:39 by "java_re" with MS VC++ 10.0 (VS2010)

time: Sat Jun 21 10:52:42 2014
elapsed time: 21 seconds

