#
# A fatal error has been detected by the Java Runtime Environment:
#
#  EXCEPTION_ACCESS_VIOLATION (0xc0000005) at pc=0x000000005a654bc2, pid=5248, tid=160
#
# JRE version: Java(TM) SE Runtime Environment (8.0_05-b13) (build 1.8.0_05-b13)
# Java VM: Java HotSpot(TM) 64-Bit Server VM (25.5-b02 mixed mode windows-amd64 compressed oops)
# Problematic frame:
# V  [jvm.dll+0x424bc2]
#
# Failed to write core dump. Minidumps are not enabled by default on client versions of Windows
#
# If you would like to submit a bug report, please visit:
#   http://bugreport.sun.com/bugreport/crash.jsp
#

---------------  T H R E A D  ---------------

Current thread (0x000000001490a000):  JavaThread "C2 CompilerThread0" daemon [_thread_in_native, id=160, stack(0x0000000016210000,0x0000000016310000)]

siginfo: ExceptionCode=0xc0000005, reading address 0x0000000000000000

Registers:
RAX=0x0000000016e28d28, RBX=0x0000000000000600, RCX=0x0000000000000000, RDX=0x000000001b55aac0
RSP=0x000000001630c460, RBP=0x00000000000000c0, RSI=0x00000000000000b8, RDI=0x0000000000000000
R8 =0x000000005a230000, R9 =0x000000001630c780, R10=0x00000000ffffffff, R11=0x0000000015f138d0
R12=0x0000000016e29430, R13=0x000000001930f9d8, R14=0x0000000000000008, R15=0x000000001930f9d8
RIP=0x000000005a654bc2, EFLAGS=0x0000000000010206

Top of Stack: (sp=0x000000001630c460)
0x000000001630c460:   00000000000000da 000000001b556450
0x000000001630c470:   0000000016e25170 000000001b556450
0x000000001630c480:   0000000000000001 0000000000000600
0x000000001630c490:   0000000000000180 00000000000000c0
0x000000001630c4a0:   00000000194f8f70 0000000014906640
0x000000001630c4b0:   00000000000006e0 000000001b556450
0x000000001630c4c0:   000000001630c780 0000000016e25e90
0x000000001630c4d0:   0000000000000020 0000000000000009
0x000000001630c4e0:   0000000016e29400 00000000000000da
0x000000001630c4f0:   000000001930f9d8 000000005a65579d
0x000000001630c500:   0000000016e29400 000000000000001c
0x000000001630c510:   00000000000000da 000000001630c780
0x000000001630c520:   000000001b55aac0 00000000000000da
0x000000001630c530:   0000000016e25e90 0000000000000020
0x000000001630c540:   000000001b7e16c8 000000001630eaf0
0x000000001630c550:   000000001b7e1cf8 0000000016e29400 

Instructions: (pc=0x000000005a654bc2)
0x000000005a654ba2:   c6 48 63 f0 48 03 f1 eb 04 48 83 ce ff 48 8b 84
0x000000005a654bb2:   24 a0 00 00 00 48 8b 40 08 48 8b 3c 03 48 8b cf
0x000000005a654bc2:   48 8b 07 ff 50 28 4c 8d 05 31 b4 bd ff 48 63 50
0x000000005a654bd2:   10 4c 8b d8 48 8b ca 48 c1 e1 05 42 80 bc 01 c0 


Register to memory mapping:

RAX=0x0000000016e28d28 is an unknown value
RBX=0x0000000000000600 is an unknown value
RCX=0x0000000000000000 is an unknown value
RDX=0x000000001b55aac0 is an unknown value
RSP=0x000000001630c460 is pointing into the stack for thread: 0x000000001490a000
RBP=0x00000000000000c0 is an unknown value
RSI=0x00000000000000b8 is an unknown value
RDI=0x0000000000000000 is an unknown value
R8 =0x000000005a230000 is an unknown value
R9 =0x000000001630c780 is pointing into the stack for thread: 0x000000001490a000
R10=0x00000000ffffffff is an unknown value
R11=0x0000000015f138d0 is an unknown value
R12=0x0000000016e29430 is an unknown value
R13=0x000000001930f9d8 is an unknown value
R14=0x0000000000000008 is an unknown value
R15=0x000000001930f9d8 is an unknown value


Stack: [0x0000000016210000,0x0000000016310000],  sp=0x000000001630c460,  free space=1009k
Native frames: (J=compiled Java code, j=interpreted, Vv=VM code, C=native code)
V  [jvm.dll+0x424bc2]
V  [jvm.dll+0x42579d]
V  [jvm.dll+0x425cdf]
V  [jvm.dll+0x4c5874]
V  [jvm.dll+0x44123c]
V  [jvm.dll+0x4436a9]
V  [jvm.dll+0x427532]
V  [jvm.dll+0x96702]
V  [jvm.dll+0x96ef3]
V  [jvm.dll+0x2232c4]
V  [jvm.dll+0x27baca]
C  [msvcr100.dll+0x21d9f]
C  [msvcr100.dll+0x21e3b]
C  [KERNEL32.DLL+0x1611]
C  [ntdll.dll+0x764ad]


Current CompileTask:
C2:  23860 5546       4       groovy.lang.MetaClassImpl::findPropertyMethod (356 bytes)


---------------  P R O C E S S  ---------------

Java Threads: ( => current thread )
  0x000000001b185000 JavaThread "org.hibernate.cache.internal.StandardQueryCache.data" daemon [_thread_blocked, id=6344, stack(0x000000001e6f0000,0x000000001e7f0000)]
  0x000000001b183800 JavaThread "org.hibernate.cache.spi.UpdateTimestampsCache.data" daemon [_thread_blocked, id=6828, stack(0x000000001e5f0000,0x000000001e6f0000)]
  0x000000001b184800 JavaThread "net.sf.ehcache.CacheManager@2cf8e02b" daemon [_thread_blocked, id=5572, stack(0x000000001de20000,0x000000001df20000)]
  0x000000001b183000 JavaThread "Abandoned connection cleanup thread" daemon [_thread_blocked, id=6756, stack(0x000000001c320000,0x000000001c420000)]
  0x000000001b182000 JavaThread "PoolCleaner[1160420422:1403363868769]" daemon [_thread_blocked, id=7072, stack(0x000000001a990000,0x000000001aa90000)]
  0x0000000018488800 JavaThread "FileSystemWatcher: files=#104 cl=groovy.lang.GroovyClassLoader@452a9c46" daemon [_thread_blocked, id=7104, stack(0x000000001a690000,0x000000001a790000)]
  0x0000000016b85800 JavaThread "Thread-4" daemon [_thread_in_native, id=5344, stack(0x000000001a590000,0x000000001a690000)]
  0x0000000017b3f000 JavaThread "localhost-startStop-1" daemon [_thread_in_Java, id=6076, stack(0x000000001a290000,0x000000001a390000)]
  0x0000000017b3e000 JavaThread "Tomcat-startStop-1" daemon [_thread_blocked, id=5268, stack(0x000000001a190000,0x000000001a290000)]
  0x00000000175ff000 JavaThread "Thread-3" [_thread_in_native, id=936, stack(0x0000000019e90000,0x0000000019f90000)]
  0x0000000016ef3000 JavaThread "Thread-2" [_thread_blocked, id=4800, stack(0x0000000019b90000,0x0000000019c90000)]
  0x0000000016b13000 JavaThread "NonBlockingInputStreamThread" daemon [_thread_blocked, id=6972, stack(0x00000000174f0000,0x00000000175f0000)]
  0x0000000015fe1800 JavaThread "Service Thread" daemon [_thread_blocked, id=5276, stack(0x0000000016510000,0x0000000016610000)]
  0x0000000015ef8000 JavaThread "C1 CompilerThread2" daemon [_thread_in_native, id=3628, stack(0x0000000016410000,0x0000000016510000)]
  0x000000001490c800 JavaThread "C2 CompilerThread1" daemon [_thread_in_native, id=6452, stack(0x0000000016310000,0x0000000016410000)]
=>0x000000001490a000 JavaThread "C2 CompilerThread0" daemon [_thread_in_native, id=160, stack(0x0000000016210000,0x0000000016310000)]
  0x00000000148af800 JavaThread "Attach Listener" daemon [_thread_blocked, id=6800, stack(0x0000000015d10000,0x0000000015e10000)]
  0x00000000148ae000 JavaThread "Signal Dispatcher" daemon [_thread_blocked, id=5060, stack(0x0000000015c10000,0x0000000015d10000)]
  0x0000000002b37800 JavaThread "Finalizer" daemon [_thread_blocked, id=7136, stack(0x0000000015b10000,0x0000000015c10000)]
  0x0000000002b2c800 JavaThread "Reference Handler" daemon [_thread_blocked, id=6432, stack(0x0000000015a10000,0x0000000015b10000)]
  0x0000000002a43800 JavaThread "main" [_thread_blocked, id=6312, stack(0x0000000002730000,0x0000000002830000)]

Other Threads:
  0x0000000014876800 VMThread [stack: 0x0000000015910000,0x0000000015a10000] [id=7084]
  0x0000000015fe5800 WatcherThread [stack: 0x0000000016610000,0x0000000016710000] [id=5200]

VM state:not at safepoint (normal execution)

VM Mutex/Monitor currently owned by a thread: None

Heap:
 PSYoungGen      total 232960K, used 178537K [0x00000000f0000000, 0x0000000100000000, 0x0000000100000000)
  eden space 211968K, 74% used [0x00000000f0000000,0x00000000f99e03a0,0x00000000fcf00000)
  from space 20992K, 99% used [0x00000000feb80000,0x00000000ffffa430,0x0000000100000000)
  to   space 25088K, 0% used [0x00000000fcf00000,0x00000000fcf00000,0x00000000fe780000)
 ParOldGen       total 91136K, used 78154K [0x00000000d0000000, 0x00000000d5900000, 0x00000000f0000000)
  object space 91136K, 85% used [0x00000000d0000000,0x00000000d4c52b00,0x00000000d5900000)
 Metaspace       used 59210K, capacity 60708K, committed 61012K, reserved 1103872K
  class space    used 6724K, capacity 7174K, committed 7296K, reserved 1048576K

Card table byte_map: [0x0000000011f00000,0x0000000012090000] byte_map_base: 0x0000000011880000

Marking Bits: (ParMarkBitMap*) 0x000000005a9e13b0
 Begin Bits: [0x0000000012590000, 0x0000000013190000)
 End Bits:   [0x0000000013190000, 0x0000000013d90000)

Polling page: 0x0000000000ec0000

CodeCache: size=245760Kb used=18282Kb max_used=18287Kb free=227477Kb
 bounds [0x0000000002b40000, 0x0000000003d30000, 0x0000000011b40000]
 total_blobs=5836 nmethods=5061 adapters=685
 compilation: enabled

Compilation events (10 events):
Event: 23.243 Thread 0x0000000015ef8000 5588       2       sun.net.www.protocol.file.FileURLConnection::getPermission (70 bytes)
Event: 23.243 Thread 0x0000000015ef8000 nmethod 5588 0x0000000003c7bb50 code [0x0000000003c7bce0, 0x0000000003c7bf98]
Event: 23.260 Thread 0x000000001490c800 nmethod 5522 0x0000000003caa050 code [0x0000000003caa480, 0x0000000003cae498]
Event: 23.260 Thread 0x000000001490c800 5583       4       groovy.lang.MetaClassImpl::createMetaBeanProperty (218 bytes)
Event: 23.273 Thread 0x0000000015ef8000 5589       2       org.slf4j.LoggerFactory::getILoggerFactory (83 bytes)
Event: 23.274 Thread 0x0000000015ef8000 nmethod 5589 0x0000000003ca9a10 code [0x0000000003ca9bc0, 0x0000000003ca9ef8]
Event: 23.282 Thread 0x000000001490c800 nmethod 5583 0x0000000003ca4790 code [0x0000000003ca4960, 0x0000000003ca55b8]
Event: 23.282 Thread 0x000000001490c800 5584       4       groovy.lang.MetaClassImpl::checkIfStdMethod (179 bytes)
Event: 23.283 Thread 0x0000000015ef8000 5590       2       com.sun.org.apache.xerces.internal.impl.XMLEntityManager::getPropertyDefault (36 bytes)
Event: 23.283 Thread 0x0000000015ef8000 nmethod 5590 0x0000000003ca4210 code [0x0000000003ca4380, 0x0000000003ca45e8]

GC Heap History (10 events):
Event: 17.914 GC heap before
{Heap before GC invocations=59 (full 5):
 PSYoungGen      total 219648K, used 213510K [0x00000000f0000000, 0x00000000ff400000, 0x0000000100000000)
  eden space 208896K, 100% used [0x00000000f0000000,0x00000000fcc00000,0x00000000fcc00000)
  from space 10752K, 42% used [0x00000000fcc00000,0x00000000fd081980,0x00000000fd680000)
  to   space 10752K, 0% used [0x00000000fe980000,0x00000000fe980000,0x00000000ff400000)
 ParOldGen       total 75776K, used 61803K [0x00000000d0000000, 0x00000000d4a00000, 0x00000000f0000000)
  object space 75776K, 81% used [0x00000000d0000000,0x00000000d3c5aee0,0x00000000d4a00000)
 Metaspace       used 52234K, capacity 53418K, committed 53588K, reserved 1097728K
  class space    used 5848K, capacity 6230K, committed 6272K, reserved 1048576K
Event: 17.948 GC heap after
Heap after GC invocations=59 (full 5):
 PSYoungGen      total 238592K, used 7835K [0x00000000f0000000, 0x00000000ff480000, 0x0000000100000000)
  eden space 227840K, 0% used [0x00000000f0000000,0x00000000f0000000,0x00000000fde80000)
  from space 10752K, 72% used [0x00000000fe980000,0x00000000ff126dc8,0x00000000ff400000)
  to   space 11264K, 0% used [0x00000000fde80000,0x00000000fde80000,0x00000000fe980000)
 ParOldGen       total 75776K, used 61811K [0x00000000d0000000, 0x00000000d4a00000, 0x00000000f0000000)
  object space 75776K, 81% used [0x00000000d0000000,0x00000000d3c5cee0,0x00000000d4a00000)
 Metaspace       used 52234K, capacity 53418K, committed 53588K, reserved 1097728K
  class space    used 5848K, capacity 6230K, committed 6272K, reserved 1048576K
}
Event: 19.089 GC heap before
{Heap before GC invocations=60 (full 5):
 PSYoungGen      total 238592K, used 235675K [0x00000000f0000000, 0x00000000ff480000, 0x0000000100000000)
  eden space 227840K, 100% used [0x00000000f0000000,0x00000000fde80000,0x00000000fde80000)
  from space 10752K, 72% used [0x00000000fe980000,0x00000000ff126dc8,0x00000000ff400000)
  to   space 11264K, 0% used [0x00000000fde80000,0x00000000fde80000,0x00000000fe980000)
 ParOldGen       total 75776K, used 61811K [0x00000000d0000000, 0x00000000d4a00000, 0x00000000f0000000)
  object space 75776K, 81% used [0x00000000d0000000,0x00000000d3c5cee0,0x00000000d4a00000)
 Metaspace       used 53441K, capacity 54718K, committed 54996K, reserved 1097728K
  class space    used 5991K, capacity 6373K, committed 6400K, reserved 1048576K
Event: 19.121 GC heap after
Heap after GC invocations=60 (full 5):
 PSYoungGen      total 239104K, used 11248K [0x00000000f0000000, 0x0000000100000000, 0x0000000100000000)
  eden space 227840K, 0% used [0x00000000f0000000,0x00000000f0000000,0x00000000fde80000)
  from space 11264K, 99% used [0x00000000fde80000,0x00000000fe97c028,0x00000000fe980000)
  to   space 14336K, 0% used [0x00000000ff200000,0x00000000ff200000,0x0000000100000000)
 ParOldGen       total 75776K, used 64691K [0x00000000d0000000, 0x00000000d4a00000, 0x00000000f0000000)
  object space 75776K, 85% used [0x00000000d0000000,0x00000000d3f2cd98,0x00000000d4a00000)
 Metaspace       used 53441K, capacity 54718K, committed 54996K, reserved 1097728K
  class space    used 5991K, capacity 6373K, committed 6400K, reserved 1048576K
}
Event: 20.608 GC heap before
{Heap before GC invocations=61 (full 5):
 PSYoungGen      total 239104K, used 239088K [0x00000000f0000000, 0x0000000100000000, 0x0000000100000000)
  eden space 227840K, 100% used [0x00000000f0000000,0x00000000fde80000,0x00000000fde80000)
  from space 11264K, 99% used [0x00000000fde80000,0x00000000fe97c028,0x00000000fe980000)
  to   space 14336K, 0% used [0x00000000ff200000,0x00000000ff200000,0x0000000100000000)
 ParOldGen       total 75776K, used 64691K [0x00000000d0000000, 0x00000000d4a00000, 0x00000000f0000000)
  object space 75776K, 85% used [0x00000000d0000000,0x00000000d3f2cd98,0x00000000d4a00000)
 Metaspace       used 55191K, capacity 56600K, committed 56788K, reserved 1099776K
  class space    used 6151K, capacity 6548K, committed 6656K, reserved 1048576K
Event: 20.660 GC heap after
Heap after GC invocations=61 (full 5):
 PSYoungGen      total 236544K, used 14310K [0x00000000f0000000, 0x0000000100000000, 0x0000000100000000)
  eden space 222208K, 0% used [0x00000000f0000000,0x00000000f0000000,0x00000000fd900000)
  from space 14336K, 99% used [0x00000000ff200000,0x00000000ffff9850,0x0000000100000000)
  to   space 19968K, 0% used [0x00000000fd900000,0x00000000fd900000,0x00000000fec80000)
 ParOldGen       total 75776K, used 73120K [0x00000000d0000000, 0x00000000d4a00000, 0x00000000f0000000)
  object space 75776K, 96% used [0x00000000d0000000,0x00000000d4768068,0x00000000d4a00000)
 Metaspace       used 55191K, capacity 56600K, committed 56788K, reserved 1099776K
  class space    used 6151K, capacity 6548K, committed 6656K, reserved 1048576K
}
Event: 20.661 GC heap before
{Heap before GC invocations=62 (full 6):
 PSYoungGen      total 236544K, used 14310K [0x00000000f0000000, 0x0000000100000000, 0x0000000100000000)
  eden space 222208K, 0% used [0x00000000f0000000,0x00000000f0000000,0x00000000fd900000)
  from space 14336K, 99% used [0x00000000ff200000,0x00000000ffff9850,0x0000000100000000)
  to   space 19968K, 0% used [0x00000000fd900000,0x00000000fd900000,0x00000000fec80000)
 ParOldGen       total 75776K, used 73120K [0x00000000d0000000, 0x00000000d4a00000, 0x00000000f0000000)
  object space 75776K, 96% used [0x00000000d0000000,0x00000000d4768068,0x00000000d4a00000)
 Metaspace       used 55191K, capacity 56600K, committed 56788K, reserved 1099776K
  class space    used 6151K, capacity 6548K, committed 6656K, reserved 1048576K
Event: 21.521 GC heap after
Heap after GC invocations=62 (full 6):
 PSYoungGen      total 236544K, used 10106K [0x00000000f0000000, 0x0000000100000000, 0x0000000100000000)
  eden space 222208K, 0% used [0x00000000f0000000,0x00000000f0000000,0x00000000fd900000)
  from space 14336K, 70% used [0x00000000ff200000,0x00000000ffbdeb58,0x0000000100000000)
  to   space 19968K, 0% used [0x00000000fd900000,0x00000000fd900000,0x00000000fec80000)
 ParOldGen       total 91136K, used 75435K [0x00000000d0000000, 0x00000000d5900000, 0x00000000f0000000)
  object space 91136K, 82% used [0x00000000d0000000,0x00000000d49aac40,0x00000000d5900000)
 Metaspace       used 55191K, capacity 56600K, committed 56788K, reserved 1099776K
  class space    used 6151K, capacity 6548K, committed 6656K, reserved 1048576K
}
Event: 22.177 GC heap before
{Heap before GC invocations=63 (full 6):
 PSYoungGen      total 236544K, used 232314K [0x00000000f0000000, 0x0000000100000000, 0x0000000100000000)
  eden space 222208K, 100% used [0x00000000f0000000,0x00000000fd900000,0x00000000fd900000)
  from space 14336K, 70% used [0x00000000ff200000,0x00000000ffbdeb58,0x0000000100000000)
  to   space 19968K, 0% used [0x00000000fd900000,0x00000000fd900000,0x00000000fec80000)
 ParOldGen       total 91136K, used 75435K [0x00000000d0000000, 0x00000000d5900000, 0x00000000f0000000)
  object space 91136K, 82% used [0x00000000d0000000,0x00000000d49aac40,0x00000000d5900000)
 Metaspace       used 56326K, capacity 57658K, committed 57812K, reserved 1099776K
  class space    used 6275K, capacity 6646K, committed 6656K, reserved 1048576K
Event: 22.213 GC heap after
Heap after GC invocations=63 (full 6):
 PSYoungGen      total 236032K, used 13521K [0x00000000f0000000, 0x0000000100000000, 0x0000000100000000)
  eden space 222208K, 0% used [0x00000000f0000000,0x00000000f0000000,0x00000000fd900000)
  from space 13824K, 97% used [0x00000000fd900000,0x00000000fe634660,0x00000000fe680000)
  to   space 20992K, 0% used [0x00000000feb80000,0x00000000feb80000,0x0000000100000000)
 ParOldGen       total 91136K, used 75747K [0x00000000d0000000, 0x00000000d5900000, 0x00000000f0000000)
  object space 91136K, 83% used [0x00000000d0000000,0x00000000d49f8c50,0x00000000d5900000)
 Metaspace       used 56326K, capacity 57658K, committed 57812K, reserved 1099776K
  class space    used 6275K, capacity 6646K, committed 6656K, reserved 1048576K
}

Deoptimization events (10 events):
Event: 22.168 Thread 0x0000000017b3f000 Uncommon trap: reason=class_check action=maybe_recompile pc=0x000000000379cfb0 method=sl.org.objectweb.asm.ClassReader.a(Lsl/org/objectweb/asm/MethodVisitor;Lsl/org/objectweb/asm/Context;I)V @ 1945
Event: 23.135 Thread 0x0000000017b3f000 Uncommon trap: reason=class_check action=maybe_recompile pc=0x0000000003c7ab04 method=org.codehaus.groovy.runtime.MetaClassHelper.isGenericSetMethod(Lgroovy/lang/MetaMethod;)Z @ 14
Event: 23.135 Thread 0x0000000017b3f000 Uncommon trap: reason=class_check action=maybe_recompile pc=0x0000000003c7ab04 method=org.codehaus.groovy.runtime.MetaClassHelper.isGenericSetMethod(Lgroovy/lang/MetaMethod;)Z @ 14
Event: 23.135 Thread 0x0000000017b3f000 Uncommon trap: reason=class_check action=maybe_recompile pc=0x0000000003c7ab04 method=org.codehaus.groovy.runtime.MetaClassHelper.isGenericSetMethod(Lgroovy/lang/MetaMethod;)Z @ 14
Event: 23.135 Thread 0x0000000017b3f000 Uncommon trap: reason=class_check action=maybe_recompile pc=0x0000000003c7ab04 method=org.codehaus.groovy.runtime.MetaClassHelper.isGenericSetMethod(Lgroovy/lang/MetaMethod;)Z @ 14
Event: 23.151 Thread 0x0000000017b3f000 Uncommon trap: reason=class_check action=maybe_recompile pc=0x0000000003c65c3c method=groovy.lang.MetaClassImpl.isGenericGetMethod(Lgroovy/lang/MetaMethod;)Z @ 14
Event: 23.151 Thread 0x0000000017b3f000 Uncommon trap: reason=class_check action=maybe_recompile pc=0x0000000003c65c3c method=groovy.lang.MetaClassImpl.isGenericGetMethod(Lgroovy/lang/MetaMethod;)Z @ 14
Event: 23.158 Thread 0x0000000017b3f000 Uncommon trap: reason=class_check action=maybe_recompile pc=0x0000000002fe6e10 method=sun.reflect.generics.factory.CoreReflectionFactory.findTypeVariable(Ljava/lang/String;)Ljava/lang/reflect/TypeVariable; @ 5
Event: 23.158 Thread 0x0000000017b3f000 Uncommon trap: reason=class_check action=maybe_recompile pc=0x0000000002fe6e10 method=sun.reflect.generics.factory.CoreReflectionFactory.findTypeVariable(Ljava/lang/String;)Ljava/lang/reflect/TypeVariable; @ 5
Event: 23.161 Thread 0x0000000017b3f000 Uncommon trap: reason=class_check action=maybe_recompile pc=0x0000000002fe6e10 method=sun.reflect.generics.factory.CoreReflectionFactory.findTypeVariable(Ljava/lang/String;)Ljava/lang/reflect/TypeVariable; @ 5

Internal exceptions (10 events):
Event: 23.274 Thread 0x0000000017b3f000 Exception <a 'java/security/PrivilegedActionException'> (0x00000000fb816b60) thrown at [D:\re\workspace\8-2-build-windows-amd64-cygwin\jdk8u5\2488\hotspot\src\share\vm\prims\jvm.cpp, line 1248]
Event: 23.274 Thread 0x0000000017b3f000 Exception <a 'java/security/PrivilegedActionException'> (0x00000000fb81b110) thrown at [D:\re\workspace\8-2-build-windows-amd64-cygwin\jdk8u5\2488\hotspot\src\share\vm\prims\jvm.cpp, line 1248]
Event: 23.276 Thread 0x0000000017b3f000 Exception <a 'java/security/PrivilegedActionException'> (0x00000000fb836788) thrown at [D:\re\workspace\8-2-build-windows-amd64-cygwin\jdk8u5\2488\hotspot\src\share\vm\prims\jvm.cpp, line 1248]
Event: 23.277 Thread 0x0000000017b3f000 Exception <a 'java/security/PrivilegedActionException'> (0x00000000fb83b240) thrown at [D:\re\workspace\8-2-build-windows-amd64-cygwin\jdk8u5\2488\hotspot\src\share\vm\prims\jvm.cpp, line 1248]
Event: 23.277 Thread 0x0000000017b3f000 Exception <a 'java/security/PrivilegedActionException'> (0x00000000fb848f38) thrown at [D:\re\workspace\8-2-build-windows-amd64-cygwin\jdk8u5\2488\hotspot\src\share\vm\prims\jvm.cpp, line 1248]
Event: 23.278 Thread 0x0000000017b3f000 Exception <a 'java/security/PrivilegedActionException'> (0x00000000fb84d170) thrown at [D:\re\workspace\8-2-build-windows-amd64-cygwin\jdk8u5\2488\hotspot\src\share\vm\prims\jvm.cpp, line 1248]
Event: 23.278 Thread 0x0000000017b3f000 Exception <a 'java/security/PrivilegedActionException'> (0x00000000fb859ea8) thrown at [D:\re\workspace\8-2-build-windows-amd64-cygwin\jdk8u5\2488\hotspot\src\share\vm\prims\jvm.cpp, line 1248]
Event: 23.278 Thread 0x0000000017b3f000 Exception <a 'java/security/PrivilegedActionException'> (0x00000000fb85e0e0) thrown at [D:\re\workspace\8-2-build-windows-amd64-cygwin\jdk8u5\2488\hotspot\src\share\vm\prims\jvm.cpp, line 1248]
Event: 23.279 Thread 0x0000000017b3f000 Exception <a 'java/security/PrivilegedActionException'> (0x00000000fb86cc70) thrown at [D:\re\workspace\8-2-build-windows-amd64-cygwin\jdk8u5\2488\hotspot\src\share\vm\prims\jvm.cpp, line 1248]
Event: 23.279 Thread 0x0000000017b3f000 Exception <a 'java/security/PrivilegedActionException'> (0x00000000fb870848) thrown at [D:\re\workspace\8-2-build-windows-amd64-cygwin\jdk8u5\2488\hotspot\src\share\vm\prims\jvm.cpp, line 1248]

Events (10 events):
Event: 23.273 loading class org/springframework/jdbc/support/SQLErrorCodeSQLExceptionTranslator
Event: 23.273 loading class org/springframework/jdbc/support/SQLErrorCodeSQLExceptionTranslator done
Event: 23.276 loading class org/springframework/jdbc/support/AbstractFallbackSQLExceptionTranslator
Event: 23.276 loading class org/springframework/jdbc/support/AbstractFallbackSQLExceptionTranslator done
Event: 23.277 loading class org/springframework/jdbc/support/SQLExceptionSubclassTranslator
Event: 23.277 loading class org/springframework/jdbc/support/SQLExceptionSubclassTranslator done
Event: 23.278 loading class org/springframework/jdbc/support/SQLStateSQLExceptionTranslator
Event: 23.278 loading class org/springframework/jdbc/support/SQLStateSQLExceptionTranslator done
Event: 23.279 loading class org/springframework/jdbc/support/SQLErrorCodesFactory
Event: 23.279 loading class org/springframework/jdbc/support/SQLErrorCodesFactory done


Dynamic libraries:
0x00007ff79ce30000 - 0x00007ff79ce64000 	C:\Program Files\Java\jdk1.8.0_05\bin\java.exe
0x00007ffd476c0000 - 0x00007ffd47869000 	C:\windows\SYSTEM32\ntdll.dll
0x00007ffd452b0000 - 0x00007ffd453ea000 	C:\windows\system32\KERNEL32.DLL
0x00007ffd44cf0000 - 0x00007ffd44dff000 	C:\windows\system32\KERNELBASE.dll
0x00007ffd45910000 - 0x00007ffd459b5000 	C:\windows\system32\ADVAPI32.dll
0x00007ffd455b0000 - 0x00007ffd45721000 	C:\windows\system32\USER32.dll
0x00007ffd42af0000 - 0x00007ffd42d4a000 	C:\windows\WinSxS\amd64_microsoft.windows.common-controls_6595b64144ccf1df_6.0.9600.16384_none_62475f7becb72503\COMCTL32.dll
0x00007ffd44f50000 - 0x00007ffd44ff7000 	C:\windows\system32\msvcrt.dll
0x00007ffd46140000 - 0x00007ffd46197000 	C:\windows\SYSTEM32\sechost.dll
0x00007ffd45ce0000 - 0x00007ffd45e16000 	C:\windows\system32\RPCRT4.dll
0x00007ffd45000000 - 0x00007ffd45145000 	C:\windows\system32\GDI32.dll
0x00007ffd45270000 - 0x00007ffd452a4000 	C:\windows\system32\IMM32.DLL
0x00007ffd459c0000 - 0x00007ffd45af9000 	C:\windows\system32\MSCTF.dll
0x000000005a150000 - 0x000000005a222000 	C:\Program Files\Java\jdk1.8.0_05\jre\bin\msvcr100.dll
0x000000005a230000 - 0x000000005aa5a000 	C:\Program Files\Java\jdk1.8.0_05\jre\bin\server\jvm.dll
0x00007ffd39d30000 - 0x00007ffd39d39000 	C:\windows\SYSTEM32\WSOCK32.dll
0x00007ffd41f90000 - 0x00007ffd41faf000 	C:\windows\SYSTEM32\WINMM.dll
0x00007ffd461b0000 - 0x00007ffd461b7000 	C:\windows\system32\PSAPI.DLL
0x00007ffd46220000 - 0x00007ffd46278000 	C:\windows\system32\WS2_32.dll
0x00007ffd41d90000 - 0x00007ffd41dba000 	C:\windows\SYSTEM32\WINMMBASE.dll
0x00007ffd47690000 - 0x00007ffd47699000 	C:\windows\system32\NSI.dll
0x00007ffd44e00000 - 0x00007ffd44e4a000 	C:\windows\SYSTEM32\cfgmgr32.dll
0x00007ffd437d0000 - 0x00007ffd437f6000 	C:\windows\SYSTEM32\DEVOBJ.dll
0x000000005a100000 - 0x000000005a10f000 	C:\Program Files\Java\jdk1.8.0_05\jre\bin\verify.dll
0x000000005a0d0000 - 0x000000005a0f8000 	C:\Program Files\Java\jdk1.8.0_05\jre\bin\java.dll
0x0000000059b50000 - 0x0000000059b73000 	C:\Program Files\Java\jdk1.8.0_05\jre\bin\instrument.dll
0x000000005a0b0000 - 0x000000005a0c6000 	C:\Program Files\Java\jdk1.8.0_05\jre\bin\zip.dll
0x00007ffd46280000 - 0x00007ffd4768e000 	C:\windows\system32\SHELL32.dll
0x00007ffd45b00000 - 0x00007ffd45cd7000 	C:\windows\SYSTEM32\combase.dll
0x00007ffd461c0000 - 0x00007ffd46211000 	C:\windows\system32\SHLWAPI.dll
0x00007ffd42ff0000 - 0x00007ffd43091000 	C:\windows\SYSTEM32\SHCORE.dll
0x00007ffd44a40000 - 0x00007ffd44a54000 	C:\windows\SYSTEM32\profapi.dll
0x00007ffd44300000 - 0x00007ffd4431e000 	C:\windows\SYSTEM32\CRYPTSP.dll
0x00007ffd43fd0000 - 0x00007ffd44005000 	C:\windows\system32\rsaenh.dll
0x00007ffd44530000 - 0x00007ffd44556000 	C:\windows\SYSTEM32\bcrypt.dll
0x00007ffd44210000 - 0x00007ffd4422f000 	C:\windows\SYSTEM32\USERENV.dll
0x00007ffd44850000 - 0x00007ffd448ae000 	C:\windows\system32\bcryptprimitives.dll
0x00007ffd448b0000 - 0x00007ffd448ba000 	C:\windows\SYSTEM32\CRYPTBASE.dll
0x000000005a090000 - 0x000000005a0aa000 	C:\Program Files\Java\jdk1.8.0_05\jre\bin\net.dll
0x00007ffd442a0000 - 0x00007ffd442f8000 	C:\windows\system32\mswsock.dll
0x00007ffd3ed70000 - 0x00007ffd3ed99000 	C:\windows\SYSTEM32\IPHLPAPI.DLL
0x00007ffd3eb40000 - 0x00007ffd3eb4a000 	C:\windows\SYSTEM32\WINNSI.DLL
0x00007ffd3e5f0000 - 0x00007ffd3e604000 	C:\windows\SYSTEM32\dhcpcsvc6.DLL
0x00007ffd3e5d0000 - 0x00007ffd3e5e9000 	C:\windows\SYSTEM32\dhcpcsvc.DLL
0x000000005a070000 - 0x000000005a081000 	C:\Program Files\Java\jdk1.8.0_05\jre\bin\nio.dll
0x00007ffd3ef20000 - 0x00007ffd3ef2a000 	C:\Users\Soporte\AppData\Local\Temp\jansi-64-113666535054469514.dll
0x0000000059be0000 - 0x0000000059bed000 	C:\Program Files\Java\jdk1.8.0_05\jre\bin\management.dll
0x00007ffd44070000 - 0x00007ffd44113000 	C:\windows\SYSTEM32\DNSAPI.dll
0x000000005bad0000 - 0x000000005baf6000 	C:\Program Files\Bonjour\mdnsNSP.dll
0x00007ffd3e570000 - 0x00007ffd3e579000 	C:\Windows\System32\rasadhlp.dll
0x00007ffd3e720000 - 0x00007ffd3e787000 	C:\windows\System32\fwpuclnt.dll
0x00007ffd33130000 - 0x00007ffd33144000 	C:\windows\system32\napinsp.dll
0x00007ffd33230000 - 0x00007ffd33249000 	C:\windows\system32\pnrpnsp.dll
0x00007ffd42200000 - 0x00007ffd42219000 	C:\windows\system32\NLAapi.dll
0x00007ffd33cf0000 - 0x00007ffd33cfc000 	C:\windows\System32\winrnr.dll
0x00007ffd335b0000 - 0x00007ffd335c3000 	C:\windows\system32\wshbth.dll
0x00007ffd3ef50000 - 0x00007ffd3f0d8000 	C:\windows\SYSTEM32\dbghelp.dll

VM Arguments:
jvm_args: -Dfile.encoding=UTF-8 -Xmx768M -Xms64M -Dgrails.fork.parent.process.port=54785 -Dgrails.fork.active=true -Dgrails.build.execution.context=C:\Users\Soporte\AppData\Local\Temp\AdminEventos1891699621000288332grails-execution-context -Dgrails.home=C:\Users\Soporte\Documents\Dev\grails-2.4.1\grails-2.4.1 -javaagent:C:\Users\Soporte\Documents\Dev\grails-2.4.1\grails-2.4.1\lib\org.springframework\springloaded\jars\springloaded-1.2.0.RELEASE.jar -Xverify:none -Dspringloaded.synchronize=true -Djdk.reflect.allowGetCallerClass=true -Dspringloaded=profile=grails;cacheDir=C:\Users\Soporte/.grails/2.4.1/ 
java_command: org.grails.plugins.tomcat.fork.ForkedTomcatServer
java_class_path (initial): C:\Program Files\Java\jdk1.8.0_05\lib\tools.jar;C:\Users\Soporte\Documents\Dev\grails-2.4.1\grails-2.4.1\lib\org.codehaus.groovy\groovy-all\jars\groovy-all-2.3.3.jar;C:\Users\Soporte\Documents\Dev\grails-2.4.1\grails-2.4.1\lib\org.slf4j\jcl-over-slf4j\jars\jcl-over-slf4j-1.7.5.jar;C:\Users\Soporte\Documents\Dev\grails-2.4.1\grails-2.4.1\lib\org.codehaus.gant\gant_groovy1.8\jars\gant_groovy1.8-1.9.6.jar;C:\Users\Soporte\Documents\Dev\grails-2.4.1\grails-2.4.1\lib\org.apache.tomcat.embed\tomcat-embed-logging-log4j\jars\tomcat-embed-logging-log4j-7.0.50.jar;C:\Users\Soporte\Documents\Dev\grails-2.4.1\grails-2.4.1\dist\grails-plugin-log4j-2.4.1.jar;C:\Users\Soporte\Documents\Dev\grails-2.4.1\grails-2.4.1\lib\log4j\log4j\jars\log4j-1.2.17.jar;C:\Users\Soporte\Documents\Dev\grails-2.4.1\grails-2.4.1\dist\grails-bootstrap-2.4.1.jar;C:\Users\Soporte\Documents\Dev\grails-2.4.1\grails-2.4.1\lib\org.slf4j\slf4j-api\jars\slf4j-api-1.7.5.jar;C:\Users\Soporte\Documents\Dev\grails-2.4.1\grails-2.4.1\lib\jline\jline\jars\jline-2.12.jar;C:\Users\Soporte\Documents\Dev\grails-2.4.1\grails-2.4.1\lib\org.apache.ant\ant\jars\ant-1.8.4.jar;C:\Users\Soporte\Documents\Dev\grails-2.4.1\grails-2.4.1\lib\org.apache.ant\ant-launcher\jars\ant-launcher-1.8.4.jar;C:\Users\Soporte\Documents\Dev\grails-2.4.1\grails-2.4.1\lib\org.apache.ant\ant-trax\jars\ant-trax-1.7.1.jar;C:\Users\Soporte\Documents\Dev\grails-2.4.1\grails-2.4.1\lib\org.apache.ant\ant-junit\jars\ant-junit-1.8.4.jar;C:\Users\Soporte\Documents\Dev\grails-2.4.1\grails-2.4.1\lib\org.apache.ivy\ivy\jars\ivy-2.3.0.jar;C:\Users\Soporte\Documents\Dev\grails-2.4.1\grails-2.4.1\lib\org.fusesource.jansi\jansi\jars\jansi-1.11.jar;C:\Users\Soporte\.m2\repository\org\apache\tomcat\embed\tomcat-embed-websocket\7.0.53\tomcat-embed-websocket-7.0.53.jar;C:\Users\Soporte\.m2\repository\org\apache\tomcat\embed\tomcat-embed-core\7.0.53\tomcat-embed-core-7.0.53.jar;C:\Users\Soporte\.m2\repository\org\apache\tomcat\embed\tomcat
Launcher Type: SUN_STANDARD

Environment Variables:
JAVA_HOME=C:\Program Files\Java\jdk1.8.0_05
PATH=c:\Program Files (x86)\Intel\iCLS Client\;c:\Program Files\Intel\iCLS Client\;C:\windows\system32;C:\windows;C:\windows\System32\Wbem;C:\windows\System32\WindowsPowerShell\v1.0\;c:\Program Files\Intel\WiFi\bin\;c:\Program Files\Common Files\Intel\WirelessCommon\;C:\Program Files\Intel\Intel(R) Management Engine Components\DAL;C:\Program Files\Intel\Intel(R) Management Engine Components\IPT;C:\Program Files (x86)\Intel\Intel(R) Management Engine Components\DAL;C:\Program Files (x86)\Intel\Intel(R) Management Engine Components\IPT;C:\Program Files (x86)\Windows Kits\8.1\Windows Performance Toolkit\;C:\Program Files\Microsoft SQL Server\110\Tools\Binn\;C:\Users\Soporte\Documents\Dev\grails-2.4.1\grails-2.4.1\bin
USERNAME=Soporte
OS=Windows_NT
PROCESSOR_IDENTIFIER=Intel64 Family 6 Model 60 Stepping 3, GenuineIntel



---------------  S Y S T E M  ---------------

OS: Windows 8.1 , 64 bit Build 9600 

CPU:total 4 (2 cores per cpu, 2 threads per core) family 6 model 60 stepping 3, cmov, cx8, fxsr, mmx, sse, sse2, sse3, ssse3, sse4.1, sse4.2, popcnt, avx, avx2, aes, clmul, erms, ht, tsc, tscinvbit

Memory: 4k page, physical 8283240k(2617380k free), swap 10249320k(3902860k free)

vm_info: Java HotSpot(TM) 64-Bit Server VM (25.5-b02) for windows-amd64 JRE (1.8.0_05-b13), built on Mar 18 2014 01:08:39 by "java_re" with MS VC++ 10.0 (VS2010)

time: Sat Jun 21 10:17:58 2014
elapsed time: 23 seconds

